<?xml version="1.0" encoding="UTF-8"?>
<!-- Generated by org.testng.reporters.JUnitXMLReporter -->
<testsuite hostname="XDSFC2419" ignored="0" name="Test" tests="8" failures="0" timestamp="2020-07-02T16:16:57 IST" time="34.026" errors="0">
  <testcase name="@BeforeMethod setUp" time="14.914" classname="com.mp.qa.TestCases.LoginPageTest">
    <failure type="org.openqa.selenium.SessionNotCreatedException" message="session not created: This version of ChromeDriver only supports Chrome version 80
Build info: version: &amp;apos;3.141.59&amp;apos;, revision: &amp;apos;e82be7d358&amp;apos;, time: &amp;apos;2018-11-14T08:25:48&amp;apos;
System info: host: &amp;apos;XDSFC2419&amp;apos;, ip: &amp;apos;10.121.70.30&amp;apos;, os.name: &amp;apos;Windows 10&amp;apos;, os.arch: &amp;apos;amd64&amp;apos;, os.version: &amp;apos;10.0&amp;apos;, java.version: &amp;apos;1.8.0_171&amp;apos;
Driver info: driver.version: ChromeDriver
remote stacktrace: Backtrace:
	Ordinal0 [0x00E50AE3+1706723]
	Ordinal0 [0x00DB68C1+1075393]
	Ordinal0 [0x00D2DFA9+516009]
	Ordinal0 [0x00CC0554+66900]
	Ordinal0 [0x00CBCCE2+52450]
	Ordinal0 [0x00CDBFD7+180183]
	Ordinal0 [0x00CDBDDD+179677]
	Ordinal0 [0x00CD9D4B+171339]
	Ordinal0 [0x00CC1D4A+73034]
	Ordinal0 [0x00CC2DC0+77248]
	Ordinal0 [0x00CC2D59+77145]
	Ordinal0 [0x00DCBB37+1162039]
	GetHandleVerifier [0x00EEA7C6+508998]
	GetHandleVerifier [0x00EEA504+508292]
	GetHandleVerifier [0x00EFF617+594583]
	GetHandleVerifier [0x00EEB036+511158]
	Ordinal0 [0x00DC3FFC+1130492]
	Ordinal0 [0x00DCD49B+1168539]
	Ordinal0 [0x00DCD603+1168899]
	Ordinal0 [0x00DE5B05+1268485]
	BaseThreadInitThunk [0x746F8674+36]
	RtlGetAppContainerNamedObjectPath [0x77675EC7+311]
	RtlGetAppContainerNamedObjectPath [0x77675E97+263]
">
      <![CDATA[org.openqa.selenium.SessionNotCreatedException: session not created: This version of ChromeDriver only supports Chrome version 80
Build info: version: '3.141.59', revision: 'e82be7d358', time: '2018-11-14T08:25:48'
System info: host: 'XDSFC2419', ip: '10.121.70.30', os.name: 'Windows 10', os.arch: 'amd64', os.version: '10.0', java.version: '1.8.0_171'
Driver info: driver.version: ChromeDriver
remote stacktrace: Backtrace:
Ordinal0 [0x00E50AE3+1706723]
Ordinal0 [0x00DB68C1+1075393]
Ordinal0 [0x00D2DFA9+516009]
Ordinal0 [0x00CC0554+66900]
Ordinal0 [0x00CBCCE2+52450]
Ordinal0 [0x00CDBFD7+180183]
Ordinal0 [0x00CDBDDD+179677]
Ordinal0 [0x00CD9D4B+171339]
Ordinal0 [0x00CC1D4A+73034]
Ordinal0 [0x00CC2DC0+77248]
Ordinal0 [0x00CC2D59+77145]
Ordinal0 [0x00DCBB37+1162039]
GetHandleVerifier [0x00EEA7C6+508998]
GetHandleVerifier [0x00EEA504+508292]
GetHandleVerifier [0x00EFF617+594583]
GetHandleVerifier [0x00EEB036+511158]
Ordinal0 [0x00DC3FFC+1130492]
Ordinal0 [0x00DCD49B+1168539]
Ordinal0 [0x00DCD603+1168899]
Ordinal0 [0x00DE5B05+1268485]
BaseThreadInitThunk [0x746F8674+36]
RtlGetAppContainerNamedObjectPath [0x77675EC7+311]
RtlGetAppContainerNamedObjectPath [0x77675E97+263]

at org.openqa.selenium.remote.W3CHandshakeResponse.lambda$errorHandler$0(W3CHandshakeResponse.java:62)
at org.openqa.selenium.remote.HandshakeResponse.lambda$getResponseFunction$0(HandshakeResponse.java:30)
at org.openqa.selenium.remote.ProtocolHandshake.lambda$createSession$0(ProtocolHandshake.java:126)
at java.util.stream.ReferencePipeline$3$1.accept(Unknown Source)
at java.util.Spliterators$ArraySpliterator.tryAdvance(Unknown Source)
at java.util.stream.ReferencePipeline.forEachWithCancel(Unknown Source)
at java.util.stream.AbstractPipeline.copyIntoWithCancel(Unknown Source)
at java.util.stream.AbstractPipeline.copyInto(Unknown Source)
at java.util.stream.AbstractPipeline.wrapAndCopyInto(Unknown Source)
at java.util.stream.FindOps$FindOp.evaluateSequential(Unknown Source)
at java.util.stream.AbstractPipeline.evaluate(Unknown Source)
at java.util.stream.ReferencePipeline.findFirst(Unknown Source)
at org.openqa.selenium.remote.ProtocolHandshake.createSession(ProtocolHandshake.java:128)
at org.openqa.selenium.remote.ProtocolHandshake.createSession(ProtocolHandshake.java:74)
at org.openqa.selenium.remote.HttpCommandExecutor.execute(HttpCommandExecutor.java:136)
at org.openqa.selenium.remote.service.DriverCommandExecutor.execute(DriverCommandExecutor.java:83)
at org.openqa.selenium.remote.RemoteWebDriver.execute(RemoteWebDriver.java:552)
at org.openqa.selenium.remote.RemoteWebDriver.startSession(RemoteWebDriver.java:213)
at org.openqa.selenium.remote.RemoteWebDriver.<init>(RemoteWebDriver.java:131)
at org.openqa.selenium.chrome.ChromeDriver.<init>(ChromeDriver.java:181)
at org.openqa.selenium.chrome.ChromeDriver.<init>(ChromeDriver.java:168)
at org.openqa.selenium.chrome.ChromeDriver.<init>(ChromeDriver.java:123)
at com.mp.qa.base.mp_base.initialization(mp_base.java:56)
at com.mp.qa.TestCases.LoginPageTest.setUp(LoginPageTest.java:24)
at java.util.ArrayList.forEach(Unknown Source)
... Removed 35 stack frames]]>
    </failure>
  </testcase> <!-- @BeforeMethod setUp -->
  <testcase name="@AfterMethod tearDown" time="-1.593686798781E9" classname="com.mp.qa.TestCases.LoginPageTest">
    <skipped/>
  </testcase> <!-- @AfterMethod tearDown -->
  <testcase name="@BeforeMethod setUp" time="7.205" classname="com.mp.qa.TestCases.HomePageTest">
    <failure type="org.openqa.selenium.SessionNotCreatedException" message="session not created: This version of ChromeDriver only supports Chrome version 80
Build info: version: &amp;apos;3.141.59&amp;apos;, revision: &amp;apos;e82be7d358&amp;apos;, time: &amp;apos;2018-11-14T08:25:48&amp;apos;
System info: host: &amp;apos;XDSFC2419&amp;apos;, ip: &amp;apos;10.121.70.30&amp;apos;, os.name: &amp;apos;Windows 10&amp;apos;, os.arch: &amp;apos;amd64&amp;apos;, os.version: &amp;apos;10.0&amp;apos;, java.version: &amp;apos;1.8.0_171&amp;apos;
Driver info: driver.version: ChromeDriver
remote stacktrace: Backtrace:
	Ordinal0 [0x00E50AE3+1706723]
	Ordinal0 [0x00DB68C1+1075393]
	Ordinal0 [0x00D2DFA9+516009]
	Ordinal0 [0x00CC0554+66900]
	Ordinal0 [0x00CBCCE2+52450]
	Ordinal0 [0x00CDBFD7+180183]
	Ordinal0 [0x00CDBDDD+179677]
	Ordinal0 [0x00CD9D4B+171339]
	Ordinal0 [0x00CC1D4A+73034]
	Ordinal0 [0x00CC2DC0+77248]
	Ordinal0 [0x00CC2D59+77145]
	Ordinal0 [0x00DCBB37+1162039]
	GetHandleVerifier [0x00EEA7C6+508998]
	GetHandleVerifier [0x00EEA504+508292]
	GetHandleVerifier [0x00EFF617+594583]
	GetHandleVerifier [0x00EEB036+511158]
	Ordinal0 [0x00DC3FFC+1130492]
	Ordinal0 [0x00DCD49B+1168539]
	Ordinal0 [0x00DCD603+1168899]
	Ordinal0 [0x00DE5B05+1268485]
	BaseThreadInitThunk [0x746F8674+36]
	RtlGetAppContainerNamedObjectPath [0x77675EC7+311]
	RtlGetAppContainerNamedObjectPath [0x77675E97+263]
">
      <![CDATA[org.openqa.selenium.SessionNotCreatedException: session not created: This version of ChromeDriver only supports Chrome version 80
Build info: version: '3.141.59', revision: 'e82be7d358', time: '2018-11-14T08:25:48'
System info: host: 'XDSFC2419', ip: '10.121.70.30', os.name: 'Windows 10', os.arch: 'amd64', os.version: '10.0', java.version: '1.8.0_171'
Driver info: driver.version: ChromeDriver
remote stacktrace: Backtrace:
Ordinal0 [0x00E50AE3+1706723]
Ordinal0 [0x00DB68C1+1075393]
Ordinal0 [0x00D2DFA9+516009]
Ordinal0 [0x00CC0554+66900]
Ordinal0 [0x00CBCCE2+52450]
Ordinal0 [0x00CDBFD7+180183]
Ordinal0 [0x00CDBDDD+179677]
Ordinal0 [0x00CD9D4B+171339]
Ordinal0 [0x00CC1D4A+73034]
Ordinal0 [0x00CC2DC0+77248]
Ordinal0 [0x00CC2D59+77145]
Ordinal0 [0x00DCBB37+1162039]
GetHandleVerifier [0x00EEA7C6+508998]
GetHandleVerifier [0x00EEA504+508292]
GetHandleVerifier [0x00EFF617+594583]
GetHandleVerifier [0x00EEB036+511158]
Ordinal0 [0x00DC3FFC+1130492]
Ordinal0 [0x00DCD49B+1168539]
Ordinal0 [0x00DCD603+1168899]
Ordinal0 [0x00DE5B05+1268485]
BaseThreadInitThunk [0x746F8674+36]
RtlGetAppContainerNamedObjectPath [0x77675EC7+311]
RtlGetAppContainerNamedObjectPath [0x77675E97+263]

at org.openqa.selenium.remote.W3CHandshakeResponse.lambda$errorHandler$0(W3CHandshakeResponse.java:62)
at org.openqa.selenium.remote.HandshakeResponse.lambda$getResponseFunction$0(HandshakeResponse.java:30)
at org.openqa.selenium.remote.ProtocolHandshake.lambda$createSession$0(ProtocolHandshake.java:126)
at java.util.stream.ReferencePipeline$3$1.accept(Unknown Source)
at java.util.Spliterators$ArraySpliterator.tryAdvance(Unknown Source)
at java.util.stream.ReferencePipeline.forEachWithCancel(Unknown Source)
at java.util.stream.AbstractPipeline.copyIntoWithCancel(Unknown Source)
at java.util.stream.AbstractPipeline.copyInto(Unknown Source)
at java.util.stream.AbstractPipeline.wrapAndCopyInto(Unknown Source)
at java.util.stream.FindOps$FindOp.evaluateSequential(Unknown Source)
at java.util.stream.AbstractPipeline.evaluate(Unknown Source)
at java.util.stream.ReferencePipeline.findFirst(Unknown Source)
at org.openqa.selenium.remote.ProtocolHandshake.createSession(ProtocolHandshake.java:128)
at org.openqa.selenium.remote.ProtocolHandshake.createSession(ProtocolHandshake.java:74)
at org.openqa.selenium.remote.HttpCommandExecutor.execute(HttpCommandExecutor.java:136)
at org.openqa.selenium.remote.service.DriverCommandExecutor.execute(DriverCommandExecutor.java:83)
at org.openqa.selenium.remote.RemoteWebDriver.execute(RemoteWebDriver.java:552)
at org.openqa.selenium.remote.RemoteWebDriver.startSession(RemoteWebDriver.java:213)
at org.openqa.selenium.remote.RemoteWebDriver.<init>(RemoteWebDriver.java:131)
at org.openqa.selenium.chrome.ChromeDriver.<init>(ChromeDriver.java:181)
at org.openqa.selenium.chrome.ChromeDriver.<init>(ChromeDriver.java:168)
at org.openqa.selenium.chrome.ChromeDriver.<init>(ChromeDriver.java:123)
at com.mp.qa.base.mp_base.initialization(mp_base.java:56)
at com.mp.qa.TestCases.HomePageTest.setUp(HomePageTest.java:31)
at java.util.ArrayList.forEach(Unknown Source)
... Removed 35 stack frames]]>
    </failure>
  </testcase> <!-- @BeforeMethod setUp -->
  <testcase name="@AfterMethod tearDown" time="-1.593686806039E9" classname="com.mp.qa.TestCases.HomePageTest">
    <skipped/>
  </testcase> <!-- @AfterMethod tearDown -->
  <testcase name="@BeforeMethod setUp" time="-1.593686806055E9" classname="com.mp.qa.TestCases.HomePageTest">
    <skipped/>
  </testcase> <!-- @BeforeMethod setUp -->
  <testcase name="@AfterMethod tearDown" time="-1.593686806069E9" classname="com.mp.qa.TestCases.HomePageTest">
    <skipped/>
  </testcase> <!-- @AfterMethod tearDown -->
  <testcase name="@BeforeMethod setUp" time="-1.593686806084E9" classname="com.mp.qa.TestCases.HomePageTest">
    <skipped/>
  </testcase> <!-- @BeforeMethod setUp -->
  <testcase name="@AfterMethod tearDown" time="-1.593686806107E9" classname="com.mp.qa.TestCases.HomePageTest">
    <skipped/>
  </testcase> <!-- @AfterMethod tearDown -->
  <testcase name="@BeforeMethod setUp" time="-1.593686806119E9" classname="com.mp.qa.TestCases.HomePageTest">
    <skipped/>
  </testcase> <!-- @BeforeMethod setUp -->
  <testcase name="@AfterMethod tearDown" time="-1.593686806182E9" classname="com.mp.qa.TestCases.HomePageTest">
    <skipped/>
  </testcase> <!-- @AfterMethod tearDown -->
  <testcase name="@BeforeMethod SetUp" time="6.166" classname="com.mp.qa.TestCases.ActionAlertsTest">
    <failure type="org.openqa.selenium.SessionNotCreatedException" message="session not created: This version of ChromeDriver only supports Chrome version 80
Build info: version: &amp;apos;3.141.59&amp;apos;, revision: &amp;apos;e82be7d358&amp;apos;, time: &amp;apos;2018-11-14T08:25:48&amp;apos;
System info: host: &amp;apos;XDSFC2419&amp;apos;, ip: &amp;apos;10.121.70.30&amp;apos;, os.name: &amp;apos;Windows 10&amp;apos;, os.arch: &amp;apos;amd64&amp;apos;, os.version: &amp;apos;10.0&amp;apos;, java.version: &amp;apos;1.8.0_171&amp;apos;
Driver info: driver.version: ChromeDriver
remote stacktrace: Backtrace:
	Ordinal0 [0x00E50AE3+1706723]
	Ordinal0 [0x00DB68C1+1075393]
	Ordinal0 [0x00D2DFA9+516009]
	Ordinal0 [0x00CC0554+66900]
	Ordinal0 [0x00CBCCE2+52450]
	Ordinal0 [0x00CDBFD7+180183]
	Ordinal0 [0x00CDBDDD+179677]
	Ordinal0 [0x00CD9D4B+171339]
	Ordinal0 [0x00CC1D4A+73034]
	Ordinal0 [0x00CC2DC0+77248]
	Ordinal0 [0x00CC2D59+77145]
	Ordinal0 [0x00DCBB37+1162039]
	GetHandleVerifier [0x00EEA7C6+508998]
	GetHandleVerifier [0x00EEA504+508292]
	GetHandleVerifier [0x00EFF617+594583]
	GetHandleVerifier [0x00EEB036+511158]
	Ordinal0 [0x00DC3FFC+1130492]
	Ordinal0 [0x00DCD49B+1168539]
	Ordinal0 [0x00DCD603+1168899]
	Ordinal0 [0x00DE5B05+1268485]
	BaseThreadInitThunk [0x746F8674+36]
	RtlGetAppContainerNamedObjectPath [0x77675EC7+311]
	RtlGetAppContainerNamedObjectPath [0x77675E97+263]
">
      <![CDATA[org.openqa.selenium.SessionNotCreatedException: session not created: This version of ChromeDriver only supports Chrome version 80
Build info: version: '3.141.59', revision: 'e82be7d358', time: '2018-11-14T08:25:48'
System info: host: 'XDSFC2419', ip: '10.121.70.30', os.name: 'Windows 10', os.arch: 'amd64', os.version: '10.0', java.version: '1.8.0_171'
Driver info: driver.version: ChromeDriver
remote stacktrace: Backtrace:
Ordinal0 [0x00E50AE3+1706723]
Ordinal0 [0x00DB68C1+1075393]
Ordinal0 [0x00D2DFA9+516009]
Ordinal0 [0x00CC0554+66900]
Ordinal0 [0x00CBCCE2+52450]
Ordinal0 [0x00CDBFD7+180183]
Ordinal0 [0x00CDBDDD+179677]
Ordinal0 [0x00CD9D4B+171339]
Ordinal0 [0x00CC1D4A+73034]
Ordinal0 [0x00CC2DC0+77248]
Ordinal0 [0x00CC2D59+77145]
Ordinal0 [0x00DCBB37+1162039]
GetHandleVerifier [0x00EEA7C6+508998]
GetHandleVerifier [0x00EEA504+508292]
GetHandleVerifier [0x00EFF617+594583]
GetHandleVerifier [0x00EEB036+511158]
Ordinal0 [0x00DC3FFC+1130492]
Ordinal0 [0x00DCD49B+1168539]
Ordinal0 [0x00DCD603+1168899]
Ordinal0 [0x00DE5B05+1268485]
BaseThreadInitThunk [0x746F8674+36]
RtlGetAppContainerNamedObjectPath [0x77675EC7+311]
RtlGetAppContainerNamedObjectPath [0x77675E97+263]

at org.openqa.selenium.remote.W3CHandshakeResponse.lambda$errorHandler$0(W3CHandshakeResponse.java:62)
at org.openqa.selenium.remote.HandshakeResponse.lambda$getResponseFunction$0(HandshakeResponse.java:30)
at org.openqa.selenium.remote.ProtocolHandshake.lambda$createSession$0(ProtocolHandshake.java:126)
at java.util.stream.ReferencePipeline$3$1.accept(Unknown Source)
at java.util.Spliterators$ArraySpliterator.tryAdvance(Unknown Source)
at java.util.stream.ReferencePipeline.forEachWithCancel(Unknown Source)
at java.util.stream.AbstractPipeline.copyIntoWithCancel(Unknown Source)
at java.util.stream.AbstractPipeline.copyInto(Unknown Source)
at java.util.stream.AbstractPipeline.wrapAndCopyInto(Unknown Source)
at java.util.stream.FindOps$FindOp.evaluateSequential(Unknown Source)
at java.util.stream.AbstractPipeline.evaluate(Unknown Source)
at java.util.stream.ReferencePipeline.findFirst(Unknown Source)
at org.openqa.selenium.remote.ProtocolHandshake.createSession(ProtocolHandshake.java:128)
at org.openqa.selenium.remote.ProtocolHandshake.createSession(ProtocolHandshake.java:74)
at org.openqa.selenium.remote.HttpCommandExecutor.execute(HttpCommandExecutor.java:136)
at org.openqa.selenium.remote.service.DriverCommandExecutor.execute(DriverCommandExecutor.java:83)
at org.openqa.selenium.remote.RemoteWebDriver.execute(RemoteWebDriver.java:552)
at org.openqa.selenium.remote.RemoteWebDriver.startSession(RemoteWebDriver.java:213)
at org.openqa.selenium.remote.RemoteWebDriver.<init>(RemoteWebDriver.java:131)
at org.openqa.selenium.chrome.ChromeDriver.<init>(ChromeDriver.java:181)
at org.openqa.selenium.chrome.ChromeDriver.<init>(ChromeDriver.java:168)
at org.openqa.selenium.chrome.ChromeDriver.<init>(ChromeDriver.java:123)
at com.mp.qa.base.mp_base.initialization(mp_base.java:56)
at com.mp.qa.TestCases.ActionAlertsTest.SetUp(ActionAlertsTest.java:20)
at java.util.ArrayList.forEach(Unknown Source)
... Removed 35 stack frames]]>
    </failure>
  </testcase> <!-- @BeforeMethod SetUp -->
  <testcase name="@AfterMethod tearDown" time="-1.593686812451E9" classname="com.mp.qa.TestCases.ActionAlertsTest">
    <skipped/>
  </testcase> <!-- @AfterMethod tearDown -->
  <testcase name="@BeforeMethod SetUp" time="-1.593686812465E9" classname="com.mp.qa.TestCases.ActionAlertsTest">
    <skipped/>
  </testcase> <!-- @BeforeMethod SetUp -->
  <testcase name="@AfterMethod tearDown" time="-1.593686812482E9" classname="com.mp.qa.TestCases.ActionAlertsTest">
    <skipped/>
  </testcase> <!-- @AfterMethod tearDown -->
  <testcase name="@BeforeMethod SetUp" time="5.082" classname="com.mp.qa.TestCases.NewsPageTest">
    <failure type="org.openqa.selenium.SessionNotCreatedException" message="session not created: This version of ChromeDriver only supports Chrome version 80
Build info: version: &amp;apos;3.141.59&amp;apos;, revision: &amp;apos;e82be7d358&amp;apos;, time: &amp;apos;2018-11-14T08:25:48&amp;apos;
System info: host: &amp;apos;XDSFC2419&amp;apos;, ip: &amp;apos;10.121.70.30&amp;apos;, os.name: &amp;apos;Windows 10&amp;apos;, os.arch: &amp;apos;amd64&amp;apos;, os.version: &amp;apos;10.0&amp;apos;, java.version: &amp;apos;1.8.0_171&amp;apos;
Driver info: driver.version: ChromeDriver
remote stacktrace: Backtrace:
	Ordinal0 [0x00E50AE3+1706723]
	Ordinal0 [0x00DB68C1+1075393]
	Ordinal0 [0x00D2DFA9+516009]
	Ordinal0 [0x00CC0554+66900]
	Ordinal0 [0x00CBCCE2+52450]
	Ordinal0 [0x00CDBFD7+180183]
	Ordinal0 [0x00CDBDDD+179677]
	Ordinal0 [0x00CD9D4B+171339]
	Ordinal0 [0x00CC1D4A+73034]
	Ordinal0 [0x00CC2DC0+77248]
	Ordinal0 [0x00CC2D59+77145]
	Ordinal0 [0x00DCBB37+1162039]
	GetHandleVerifier [0x00EEA7C6+508998]
	GetHandleVerifier [0x00EEA504+508292]
	GetHandleVerifier [0x00EFF617+594583]
	GetHandleVerifier [0x00EEB036+511158]
	Ordinal0 [0x00DC3FFC+1130492]
	Ordinal0 [0x00DCD49B+1168539]
	Ordinal0 [0x00DCD603+1168899]
	Ordinal0 [0x00DE5B05+1268485]
	BaseThreadInitThunk [0x746F8674+36]
	RtlGetAppContainerNamedObjectPath [0x77675EC7+311]
	RtlGetAppContainerNamedObjectPath [0x77675E97+263]
">
      <![CDATA[org.openqa.selenium.SessionNotCreatedException: session not created: This version of ChromeDriver only supports Chrome version 80
Build info: version: '3.141.59', revision: 'e82be7d358', time: '2018-11-14T08:25:48'
System info: host: 'XDSFC2419', ip: '10.121.70.30', os.name: 'Windows 10', os.arch: 'amd64', os.version: '10.0', java.version: '1.8.0_171'
Driver info: driver.version: ChromeDriver
remote stacktrace: Backtrace:
Ordinal0 [0x00E50AE3+1706723]
Ordinal0 [0x00DB68C1+1075393]
Ordinal0 [0x00D2DFA9+516009]
Ordinal0 [0x00CC0554+66900]
Ordinal0 [0x00CBCCE2+52450]
Ordinal0 [0x00CDBFD7+180183]
Ordinal0 [0x00CDBDDD+179677]
Ordinal0 [0x00CD9D4B+171339]
Ordinal0 [0x00CC1D4A+73034]
Ordinal0 [0x00CC2DC0+77248]
Ordinal0 [0x00CC2D59+77145]
Ordinal0 [0x00DCBB37+1162039]
GetHandleVerifier [0x00EEA7C6+508998]
GetHandleVerifier [0x00EEA504+508292]
GetHandleVerifier [0x00EFF617+594583]
GetHandleVerifier [0x00EEB036+511158]
Ordinal0 [0x00DC3FFC+1130492]
Ordinal0 [0x00DCD49B+1168539]
Ordinal0 [0x00DCD603+1168899]
Ordinal0 [0x00DE5B05+1268485]
BaseThreadInitThunk [0x746F8674+36]
RtlGetAppContainerNamedObjectPath [0x77675EC7+311]
RtlGetAppContainerNamedObjectPath [0x77675E97+263]

at org.openqa.selenium.remote.W3CHandshakeResponse.lambda$errorHandler$0(W3CHandshakeResponse.java:62)
at org.openqa.selenium.remote.HandshakeResponse.lambda$getResponseFunction$0(HandshakeResponse.java:30)
at org.openqa.selenium.remote.ProtocolHandshake.lambda$createSession$0(ProtocolHandshake.java:126)
at java.util.stream.ReferencePipeline$3$1.accept(Unknown Source)
at java.util.Spliterators$ArraySpliterator.tryAdvance(Unknown Source)
at java.util.stream.ReferencePipeline.forEachWithCancel(Unknown Source)
at java.util.stream.AbstractPipeline.copyIntoWithCancel(Unknown Source)
at java.util.stream.AbstractPipeline.copyInto(Unknown Source)
at java.util.stream.AbstractPipeline.wrapAndCopyInto(Unknown Source)
at java.util.stream.FindOps$FindOp.evaluateSequential(Unknown Source)
at java.util.stream.AbstractPipeline.evaluate(Unknown Source)
at java.util.stream.ReferencePipeline.findFirst(Unknown Source)
at org.openqa.selenium.remote.ProtocolHandshake.createSession(ProtocolHandshake.java:128)
at org.openqa.selenium.remote.ProtocolHandshake.createSession(ProtocolHandshake.java:74)
at org.openqa.selenium.remote.HttpCommandExecutor.execute(HttpCommandExecutor.java:136)
at org.openqa.selenium.remote.service.DriverCommandExecutor.execute(DriverCommandExecutor.java:83)
at org.openqa.selenium.remote.RemoteWebDriver.execute(RemoteWebDriver.java:552)
at org.openqa.selenium.remote.RemoteWebDriver.startSession(RemoteWebDriver.java:213)
at org.openqa.selenium.remote.RemoteWebDriver.<init>(RemoteWebDriver.java:131)
at org.openqa.selenium.chrome.ChromeDriver.<init>(ChromeDriver.java:181)
at org.openqa.selenium.chrome.ChromeDriver.<init>(ChromeDriver.java:168)
at org.openqa.selenium.chrome.ChromeDriver.<init>(ChromeDriver.java:123)
at com.mp.qa.base.mp_base.initialization(mp_base.java:56)
at com.mp.qa.TestCases.NewsPageTest.SetUp(NewsPageTest.java:20)
at java.util.ArrayList.forEach(Unknown Source)
... Removed 35 stack frames]]>
    </failure>
  </testcase> <!-- @BeforeMethod SetUp -->
  <testcase name="@AfterMethod tearDown" time="-1.593686817677E9" classname="com.mp.qa.TestCases.NewsPageTest">
    <skipped/>
  </testcase> <!-- @AfterMethod tearDown -->
  <testcase name="loginTest" time="0.0" classname="com.mp.qa.TestCases.LoginPageTest">
    <skipped/>
  </testcase> <!-- loginTest -->
  <testcase name="GoToActionALerts" time="0.0" classname="com.mp.qa.TestCases.HomePageTest">
    <skipped/>
  </testcase> <!-- GoToActionALerts -->
  <testcase name="HamburgerBtnTest" time="0.0" classname="com.mp.qa.TestCases.HomePageTest">
    <skipped/>
  </testcase> <!-- HamburgerBtnTest -->
  <testcase name="ProfileIconTest" time="0.0" classname="com.mp.qa.TestCases.HomePageTest">
    <skipped/>
  </testcase> <!-- ProfileIconTest -->
  <testcase name="SearchTest" time="0.0" classname="com.mp.qa.TestCases.HomePageTest">
    <skipped/>
  </testcase> <!-- SearchTest -->
  <testcase name="DownloadPdfTest" time="0.0" classname="com.mp.qa.TestCases.ActionAlertsTest">
    <skipped/>
  </testcase> <!-- DownloadPdfTest -->
  <testcase name="GoToNews" time="0.0" classname="com.mp.qa.TestCases.ActionAlertsTest">
    <skipped/>
  </testcase> <!-- GoToNews -->
  <testcase name="ReadMoreTest" time="0.0" classname="com.mp.qa.TestCases.NewsPageTest">
    <skipped/>
  </testcase> <!-- ReadMoreTest -->
</testsuite> <!-- Test -->
