<?xml version="1.0" encoding="UTF-8"?>
<testng-results skipped="8" failed="0" ignored="0" total="8" passed="0">
  <reporter-output>
  </reporter-output>
  <suite name="Suite" duration-ms="34026" started-at="2020-07-02T16:16:23 IST" finished-at="2020-07-02T16:16:57 IST">
    <groups>
    </groups>
    <test name="Test" duration-ms="34026" started-at="2020-07-02T16:16:23 IST" finished-at="2020-07-02T16:16:57 IST">
      <class name="com.mp.qa.TestCases.NewsPageTest">
        <test-method status="FAIL" signature="SetUp()[pri:0, instance:com.mp.qa.TestCases.NewsPageTest@76b0bfab]" name="SetUp" is-config="true" duration-ms="5082" started-at="2020-07-02T16:16:52 IST" finished-at="2020-07-02T16:16:57 IST">
          <exception class="org.openqa.selenium.SessionNotCreatedException">
            <message>
              <![CDATA[session not created: This version of ChromeDriver only supports Chrome version 80
Build info: version: '3.141.59', revision: 'e82be7d358', time: '2018-11-14T08:25:48'
System info: host: 'XDSFC2419', ip: '10.121.70.30', os.name: 'Windows 10', os.arch: 'amd64', os.version: '10.0', java.version: '1.8.0_171'
Driver info: driver.version: ChromeDriver
remote stacktrace: Backtrace:
Ordinal0 [0x00E50AE3+1706723]
Ordinal0 [0x00DB68C1+1075393]
Ordinal0 [0x00D2DFA9+516009]
Ordinal0 [0x00CC0554+66900]
Ordinal0 [0x00CBCCE2+52450]
Ordinal0 [0x00CDBFD7+180183]
Ordinal0 [0x00CDBDDD+179677]
Ordinal0 [0x00CD9D4B+171339]
Ordinal0 [0x00CC1D4A+73034]
Ordinal0 [0x00CC2DC0+77248]
Ordinal0 [0x00CC2D59+77145]
Ordinal0 [0x00DCBB37+1162039]
GetHandleVerifier [0x00EEA7C6+508998]
GetHandleVerifier [0x00EEA504+508292]
GetHandleVerifier [0x00EFF617+594583]
GetHandleVerifier [0x00EEB036+511158]
Ordinal0 [0x00DC3FFC+1130492]
Ordinal0 [0x00DCD49B+1168539]
Ordinal0 [0x00DCD603+1168899]
Ordinal0 [0x00DE5B05+1268485]
BaseThreadInitThunk [0x746F8674+36]
RtlGetAppContainerNamedObjectPath [0x77675EC7+311]
RtlGetAppContainerNamedObjectPath [0x77675E97+263]
]]>
            </message>
            <full-stacktrace>
              <![CDATA[org.openqa.selenium.SessionNotCreatedException: session not created: This version of ChromeDriver only supports Chrome version 80
Build info: version: '3.141.59', revision: 'e82be7d358', time: '2018-11-14T08:25:48'
System info: host: 'XDSFC2419', ip: '10.121.70.30', os.name: 'Windows 10', os.arch: 'amd64', os.version: '10.0', java.version: '1.8.0_171'
Driver info: driver.version: ChromeDriver
remote stacktrace: Backtrace:
Ordinal0 [0x00E50AE3+1706723]
Ordinal0 [0x00DB68C1+1075393]
Ordinal0 [0x00D2DFA9+516009]
Ordinal0 [0x00CC0554+66900]
Ordinal0 [0x00CBCCE2+52450]
Ordinal0 [0x00CDBFD7+180183]
Ordinal0 [0x00CDBDDD+179677]
Ordinal0 [0x00CD9D4B+171339]
Ordinal0 [0x00CC1D4A+73034]
Ordinal0 [0x00CC2DC0+77248]
Ordinal0 [0x00CC2D59+77145]
Ordinal0 [0x00DCBB37+1162039]
GetHandleVerifier [0x00EEA7C6+508998]
GetHandleVerifier [0x00EEA504+508292]
GetHandleVerifier [0x00EFF617+594583]
GetHandleVerifier [0x00EEB036+511158]
Ordinal0 [0x00DC3FFC+1130492]
Ordinal0 [0x00DCD49B+1168539]
Ordinal0 [0x00DCD603+1168899]
Ordinal0 [0x00DE5B05+1268485]
BaseThreadInitThunk [0x746F8674+36]
RtlGetAppContainerNamedObjectPath [0x77675EC7+311]
RtlGetAppContainerNamedObjectPath [0x77675E97+263]

at sun.reflect.NativeConstructorAccessorImpl.newInstance0(Native Method)
at sun.reflect.NativeConstructorAccessorImpl.newInstance(Unknown Source)
at sun.reflect.DelegatingConstructorAccessorImpl.newInstance(Unknown Source)
at java.lang.reflect.Constructor.newInstance(Unknown Source)
at org.openqa.selenium.remote.W3CHandshakeResponse.lambda$errorHandler$0(W3CHandshakeResponse.java:62)
at org.openqa.selenium.remote.HandshakeResponse.lambda$getResponseFunction$0(HandshakeResponse.java:30)
at org.openqa.selenium.remote.ProtocolHandshake.lambda$createSession$0(ProtocolHandshake.java:126)
at java.util.stream.ReferencePipeline$3$1.accept(Unknown Source)
at java.util.Spliterators$ArraySpliterator.tryAdvance(Unknown Source)
at java.util.stream.ReferencePipeline.forEachWithCancel(Unknown Source)
at java.util.stream.AbstractPipeline.copyIntoWithCancel(Unknown Source)
at java.util.stream.AbstractPipeline.copyInto(Unknown Source)
at java.util.stream.AbstractPipeline.wrapAndCopyInto(Unknown Source)
at java.util.stream.FindOps$FindOp.evaluateSequential(Unknown Source)
at java.util.stream.AbstractPipeline.evaluate(Unknown Source)
at java.util.stream.ReferencePipeline.findFirst(Unknown Source)
at org.openqa.selenium.remote.ProtocolHandshake.createSession(ProtocolHandshake.java:128)
at org.openqa.selenium.remote.ProtocolHandshake.createSession(ProtocolHandshake.java:74)
at org.openqa.selenium.remote.HttpCommandExecutor.execute(HttpCommandExecutor.java:136)
at org.openqa.selenium.remote.service.DriverCommandExecutor.execute(DriverCommandExecutor.java:83)
at org.openqa.selenium.remote.RemoteWebDriver.execute(RemoteWebDriver.java:552)
at org.openqa.selenium.remote.RemoteWebDriver.startSession(RemoteWebDriver.java:213)
at org.openqa.selenium.remote.RemoteWebDriver.<init>(RemoteWebDriver.java:131)
at org.openqa.selenium.chrome.ChromeDriver.<init>(ChromeDriver.java:181)
at org.openqa.selenium.chrome.ChromeDriver.<init>(ChromeDriver.java:168)
at org.openqa.selenium.chrome.ChromeDriver.<init>(ChromeDriver.java:123)
at com.mp.qa.base.mp_base.initialization(mp_base.java:56)
at com.mp.qa.TestCases.NewsPageTest.SetUp(NewsPageTest.java:20)
at sun.reflect.NativeMethodAccessorImpl.invoke0(Native Method)
at sun.reflect.NativeMethodAccessorImpl.invoke(Unknown Source)
at sun.reflect.DelegatingMethodAccessorImpl.invoke(Unknown Source)
at java.lang.reflect.Method.invoke(Unknown Source)
at org.testng.internal.MethodInvocationHelper.invokeMethod(MethodInvocationHelper.java:134)
at org.testng.internal.MethodInvocationHelper.invokeMethodConsideringTimeout(MethodInvocationHelper.java:63)
at org.testng.internal.ConfigInvoker.invokeConfigurationMethod(ConfigInvoker.java:348)
at org.testng.internal.ConfigInvoker.invokeConfigurations(ConfigInvoker.java:302)
at org.testng.internal.TestInvoker.runConfigMethods(TestInvoker.java:695)
at org.testng.internal.TestInvoker.invokeMethod(TestInvoker.java:523)
at org.testng.internal.TestInvoker.invokeTestMethod(TestInvoker.java:173)
at org.testng.internal.MethodRunner.runInSequence(MethodRunner.java:46)
at org.testng.internal.TestInvoker$MethodInvocationAgent.invoke(TestInvoker.java:816)
at org.testng.internal.TestInvoker.invokeTestMethods(TestInvoker.java:146)
at org.testng.internal.TestMethodWorker.invokeTestMethods(TestMethodWorker.java:146)
at org.testng.internal.TestMethodWorker.run(TestMethodWorker.java:128)
at java.util.ArrayList.forEach(Unknown Source)
at org.testng.TestRunner.privateRun(TestRunner.java:766)
at org.testng.TestRunner.run(TestRunner.java:587)
at org.testng.SuiteRunner.runTest(SuiteRunner.java:384)
at org.testng.SuiteRunner.runSequentially(SuiteRunner.java:378)
at org.testng.SuiteRunner.privateRun(SuiteRunner.java:337)
at org.testng.SuiteRunner.run(SuiteRunner.java:286)
at org.testng.SuiteRunnerWorker.runSuite(SuiteRunnerWorker.java:53)
at org.testng.SuiteRunnerWorker.run(SuiteRunnerWorker.java:96)
at org.testng.TestNG.runSuitesSequentially(TestNG.java:1187)
at org.testng.TestNG.runSuitesLocally(TestNG.java:1109)
at org.testng.TestNG.runSuites(TestNG.java:1039)
at org.testng.TestNG.run(TestNG.java:1007)
at org.testng.remote.AbstractRemoteTestNG.run(AbstractRemoteTestNG.java:115)
at org.testng.remote.RemoteTestNG.initAndRun(RemoteTestNG.java:251)
at org.testng.remote.RemoteTestNG.main(RemoteTestNG.java:77)
]]>
            </full-stacktrace>
          </exception> <!-- org.openqa.selenium.SessionNotCreatedException -->
          <reporter-output>
          </reporter-output>
        </test-method> <!-- SetUp -->
        <test-method status="SKIP" signature="ReadMoreTest()[pri:0, instance:com.mp.qa.TestCases.NewsPageTest@76b0bfab]" name="ReadMoreTest" duration-ms="0" started-at="2020-07-02T16:16:57 IST" finished-at="2020-07-02T16:16:57 IST">
          <exception class="org.openqa.selenium.SessionNotCreatedException">
            <message>
              <![CDATA[session not created: This version of ChromeDriver only supports Chrome version 80
Build info: version: '3.141.59', revision: 'e82be7d358', time: '2018-11-14T08:25:48'
System info: host: 'XDSFC2419', ip: '10.121.70.30', os.name: 'Windows 10', os.arch: 'amd64', os.version: '10.0', java.version: '1.8.0_171'
Driver info: driver.version: ChromeDriver
remote stacktrace: Backtrace:
Ordinal0 [0x00E50AE3+1706723]
Ordinal0 [0x00DB68C1+1075393]
Ordinal0 [0x00D2DFA9+516009]
Ordinal0 [0x00CC0554+66900]
Ordinal0 [0x00CBCCE2+52450]
Ordinal0 [0x00CDBFD7+180183]
Ordinal0 [0x00CDBDDD+179677]
Ordinal0 [0x00CD9D4B+171339]
Ordinal0 [0x00CC1D4A+73034]
Ordinal0 [0x00CC2DC0+77248]
Ordinal0 [0x00CC2D59+77145]
Ordinal0 [0x00DCBB37+1162039]
GetHandleVerifier [0x00EEA7C6+508998]
GetHandleVerifier [0x00EEA504+508292]
GetHandleVerifier [0x00EFF617+594583]
GetHandleVerifier [0x00EEB036+511158]
Ordinal0 [0x00DC3FFC+1130492]
Ordinal0 [0x00DCD49B+1168539]
Ordinal0 [0x00DCD603+1168899]
Ordinal0 [0x00DE5B05+1268485]
BaseThreadInitThunk [0x746F8674+36]
RtlGetAppContainerNamedObjectPath [0x77675EC7+311]
RtlGetAppContainerNamedObjectPath [0x77675E97+263]
]]>
            </message>
            <full-stacktrace>
              <![CDATA[org.openqa.selenium.SessionNotCreatedException: session not created: This version of ChromeDriver only supports Chrome version 80
Build info: version: '3.141.59', revision: 'e82be7d358', time: '2018-11-14T08:25:48'
System info: host: 'XDSFC2419', ip: '10.121.70.30', os.name: 'Windows 10', os.arch: 'amd64', os.version: '10.0', java.version: '1.8.0_171'
Driver info: driver.version: ChromeDriver
remote stacktrace: Backtrace:
Ordinal0 [0x00E50AE3+1706723]
Ordinal0 [0x00DB68C1+1075393]
Ordinal0 [0x00D2DFA9+516009]
Ordinal0 [0x00CC0554+66900]
Ordinal0 [0x00CBCCE2+52450]
Ordinal0 [0x00CDBFD7+180183]
Ordinal0 [0x00CDBDDD+179677]
Ordinal0 [0x00CD9D4B+171339]
Ordinal0 [0x00CC1D4A+73034]
Ordinal0 [0x00CC2DC0+77248]
Ordinal0 [0x00CC2D59+77145]
Ordinal0 [0x00DCBB37+1162039]
GetHandleVerifier [0x00EEA7C6+508998]
GetHandleVerifier [0x00EEA504+508292]
GetHandleVerifier [0x00EFF617+594583]
GetHandleVerifier [0x00EEB036+511158]
Ordinal0 [0x00DC3FFC+1130492]
Ordinal0 [0x00DCD49B+1168539]
Ordinal0 [0x00DCD603+1168899]
Ordinal0 [0x00DE5B05+1268485]
BaseThreadInitThunk [0x746F8674+36]
RtlGetAppContainerNamedObjectPath [0x77675EC7+311]
RtlGetAppContainerNamedObjectPath [0x77675E97+263]

at sun.reflect.NativeConstructorAccessorImpl.newInstance0(Native Method)
at sun.reflect.NativeConstructorAccessorImpl.newInstance(Unknown Source)
at sun.reflect.DelegatingConstructorAccessorImpl.newInstance(Unknown Source)
at java.lang.reflect.Constructor.newInstance(Unknown Source)
at org.openqa.selenium.remote.W3CHandshakeResponse.lambda$errorHandler$0(W3CHandshakeResponse.java:62)
at org.openqa.selenium.remote.HandshakeResponse.lambda$getResponseFunction$0(HandshakeResponse.java:30)
at org.openqa.selenium.remote.ProtocolHandshake.lambda$createSession$0(ProtocolHandshake.java:126)
at java.util.stream.ReferencePipeline$3$1.accept(Unknown Source)
at java.util.Spliterators$ArraySpliterator.tryAdvance(Unknown Source)
at java.util.stream.ReferencePipeline.forEachWithCancel(Unknown Source)
at java.util.stream.AbstractPipeline.copyIntoWithCancel(Unknown Source)
at java.util.stream.AbstractPipeline.copyInto(Unknown Source)
at java.util.stream.AbstractPipeline.wrapAndCopyInto(Unknown Source)
at java.util.stream.FindOps$FindOp.evaluateSequential(Unknown Source)
at java.util.stream.AbstractPipeline.evaluate(Unknown Source)
at java.util.stream.ReferencePipeline.findFirst(Unknown Source)
at org.openqa.selenium.remote.ProtocolHandshake.createSession(ProtocolHandshake.java:128)
at org.openqa.selenium.remote.ProtocolHandshake.createSession(ProtocolHandshake.java:74)
at org.openqa.selenium.remote.HttpCommandExecutor.execute(HttpCommandExecutor.java:136)
at org.openqa.selenium.remote.service.DriverCommandExecutor.execute(DriverCommandExecutor.java:83)
at org.openqa.selenium.remote.RemoteWebDriver.execute(RemoteWebDriver.java:552)
at org.openqa.selenium.remote.RemoteWebDriver.startSession(RemoteWebDriver.java:213)
at org.openqa.selenium.remote.RemoteWebDriver.<init>(RemoteWebDriver.java:131)
at org.openqa.selenium.chrome.ChromeDriver.<init>(ChromeDriver.java:181)
at org.openqa.selenium.chrome.ChromeDriver.<init>(ChromeDriver.java:168)
at org.openqa.selenium.chrome.ChromeDriver.<init>(ChromeDriver.java:123)
at com.mp.qa.base.mp_base.initialization(mp_base.java:56)
at com.mp.qa.TestCases.NewsPageTest.SetUp(NewsPageTest.java:20)
at sun.reflect.NativeMethodAccessorImpl.invoke0(Native Method)
at sun.reflect.NativeMethodAccessorImpl.invoke(Unknown Source)
at sun.reflect.DelegatingMethodAccessorImpl.invoke(Unknown Source)
at java.lang.reflect.Method.invoke(Unknown Source)
at org.testng.internal.MethodInvocationHelper.invokeMethod(MethodInvocationHelper.java:134)
at org.testng.internal.MethodInvocationHelper.invokeMethodConsideringTimeout(MethodInvocationHelper.java:63)
at org.testng.internal.ConfigInvoker.invokeConfigurationMethod(ConfigInvoker.java:348)
at org.testng.internal.ConfigInvoker.invokeConfigurations(ConfigInvoker.java:302)
at org.testng.internal.TestInvoker.runConfigMethods(TestInvoker.java:695)
at org.testng.internal.TestInvoker.invokeMethod(TestInvoker.java:523)
at org.testng.internal.TestInvoker.invokeTestMethod(TestInvoker.java:173)
at org.testng.internal.MethodRunner.runInSequence(MethodRunner.java:46)
at org.testng.internal.TestInvoker$MethodInvocationAgent.invoke(TestInvoker.java:816)
at org.testng.internal.TestInvoker.invokeTestMethods(TestInvoker.java:146)
at org.testng.internal.TestMethodWorker.invokeTestMethods(TestMethodWorker.java:146)
at org.testng.internal.TestMethodWorker.run(TestMethodWorker.java:128)
at java.util.ArrayList.forEach(Unknown Source)
at org.testng.TestRunner.privateRun(TestRunner.java:766)
at org.testng.TestRunner.run(TestRunner.java:587)
at org.testng.SuiteRunner.runTest(SuiteRunner.java:384)
at org.testng.SuiteRunner.runSequentially(SuiteRunner.java:378)
at org.testng.SuiteRunner.privateRun(SuiteRunner.java:337)
at org.testng.SuiteRunner.run(SuiteRunner.java:286)
at org.testng.SuiteRunnerWorker.runSuite(SuiteRunnerWorker.java:53)
at org.testng.SuiteRunnerWorker.run(SuiteRunnerWorker.java:96)
at org.testng.TestNG.runSuitesSequentially(TestNG.java:1187)
at org.testng.TestNG.runSuitesLocally(TestNG.java:1109)
at org.testng.TestNG.runSuites(TestNG.java:1039)
at org.testng.TestNG.run(TestNG.java:1007)
at org.testng.remote.AbstractRemoteTestNG.run(AbstractRemoteTestNG.java:115)
at org.testng.remote.RemoteTestNG.initAndRun(RemoteTestNG.java:251)
at org.testng.remote.RemoteTestNG.main(RemoteTestNG.java:77)
]]>
            </full-stacktrace>
          </exception> <!-- org.openqa.selenium.SessionNotCreatedException -->
          <reporter-output>
          </reporter-output>
        </test-method> <!-- ReadMoreTest -->
        <test-method status="SKIP" signature="tearDown()[pri:0, instance:com.mp.qa.TestCases.NewsPageTest@76b0bfab]" name="tearDown" is-config="true" duration-ms="-1593686817677" started-at="2020-07-02T16:16:57 IST" finished-at="1970-01-01T05:30:00 IST">
          <reporter-output>
          </reporter-output>
        </test-method> <!-- tearDown -->
      </class> <!-- com.mp.qa.TestCases.NewsPageTest -->
      <class name="com.mp.qa.TestCases.LoginPageTest">
        <test-method status="FAIL" signature="setUp()[pri:0, instance:com.mp.qa.TestCases.LoginPageTest@34c4973]" name="setUp" is-config="true" duration-ms="14914" started-at="2020-07-02T16:16:23 IST" finished-at="2020-07-02T16:16:38 IST">
          <exception class="org.openqa.selenium.SessionNotCreatedException">
            <message>
              <![CDATA[session not created: This version of ChromeDriver only supports Chrome version 80
Build info: version: '3.141.59', revision: 'e82be7d358', time: '2018-11-14T08:25:48'
System info: host: 'XDSFC2419', ip: '10.121.70.30', os.name: 'Windows 10', os.arch: 'amd64', os.version: '10.0', java.version: '1.8.0_171'
Driver info: driver.version: ChromeDriver
remote stacktrace: Backtrace:
Ordinal0 [0x00E50AE3+1706723]
Ordinal0 [0x00DB68C1+1075393]
Ordinal0 [0x00D2DFA9+516009]
Ordinal0 [0x00CC0554+66900]
Ordinal0 [0x00CBCCE2+52450]
Ordinal0 [0x00CDBFD7+180183]
Ordinal0 [0x00CDBDDD+179677]
Ordinal0 [0x00CD9D4B+171339]
Ordinal0 [0x00CC1D4A+73034]
Ordinal0 [0x00CC2DC0+77248]
Ordinal0 [0x00CC2D59+77145]
Ordinal0 [0x00DCBB37+1162039]
GetHandleVerifier [0x00EEA7C6+508998]
GetHandleVerifier [0x00EEA504+508292]
GetHandleVerifier [0x00EFF617+594583]
GetHandleVerifier [0x00EEB036+511158]
Ordinal0 [0x00DC3FFC+1130492]
Ordinal0 [0x00DCD49B+1168539]
Ordinal0 [0x00DCD603+1168899]
Ordinal0 [0x00DE5B05+1268485]
BaseThreadInitThunk [0x746F8674+36]
RtlGetAppContainerNamedObjectPath [0x77675EC7+311]
RtlGetAppContainerNamedObjectPath [0x77675E97+263]
]]>
            </message>
            <full-stacktrace>
              <![CDATA[org.openqa.selenium.SessionNotCreatedException: session not created: This version of ChromeDriver only supports Chrome version 80
Build info: version: '3.141.59', revision: 'e82be7d358', time: '2018-11-14T08:25:48'
System info: host: 'XDSFC2419', ip: '10.121.70.30', os.name: 'Windows 10', os.arch: 'amd64', os.version: '10.0', java.version: '1.8.0_171'
Driver info: driver.version: ChromeDriver
remote stacktrace: Backtrace:
Ordinal0 [0x00E50AE3+1706723]
Ordinal0 [0x00DB68C1+1075393]
Ordinal0 [0x00D2DFA9+516009]
Ordinal0 [0x00CC0554+66900]
Ordinal0 [0x00CBCCE2+52450]
Ordinal0 [0x00CDBFD7+180183]
Ordinal0 [0x00CDBDDD+179677]
Ordinal0 [0x00CD9D4B+171339]
Ordinal0 [0x00CC1D4A+73034]
Ordinal0 [0x00CC2DC0+77248]
Ordinal0 [0x00CC2D59+77145]
Ordinal0 [0x00DCBB37+1162039]
GetHandleVerifier [0x00EEA7C6+508998]
GetHandleVerifier [0x00EEA504+508292]
GetHandleVerifier [0x00EFF617+594583]
GetHandleVerifier [0x00EEB036+511158]
Ordinal0 [0x00DC3FFC+1130492]
Ordinal0 [0x00DCD49B+1168539]
Ordinal0 [0x00DCD603+1168899]
Ordinal0 [0x00DE5B05+1268485]
BaseThreadInitThunk [0x746F8674+36]
RtlGetAppContainerNamedObjectPath [0x77675EC7+311]
RtlGetAppContainerNamedObjectPath [0x77675E97+263]

at sun.reflect.NativeConstructorAccessorImpl.newInstance0(Native Method)
at sun.reflect.NativeConstructorAccessorImpl.newInstance(Unknown Source)
at sun.reflect.DelegatingConstructorAccessorImpl.newInstance(Unknown Source)
at java.lang.reflect.Constructor.newInstance(Unknown Source)
at org.openqa.selenium.remote.W3CHandshakeResponse.lambda$errorHandler$0(W3CHandshakeResponse.java:62)
at org.openqa.selenium.remote.HandshakeResponse.lambda$getResponseFunction$0(HandshakeResponse.java:30)
at org.openqa.selenium.remote.ProtocolHandshake.lambda$createSession$0(ProtocolHandshake.java:126)
at java.util.stream.ReferencePipeline$3$1.accept(Unknown Source)
at java.util.Spliterators$ArraySpliterator.tryAdvance(Unknown Source)
at java.util.stream.ReferencePipeline.forEachWithCancel(Unknown Source)
at java.util.stream.AbstractPipeline.copyIntoWithCancel(Unknown Source)
at java.util.stream.AbstractPipeline.copyInto(Unknown Source)
at java.util.stream.AbstractPipeline.wrapAndCopyInto(Unknown Source)
at java.util.stream.FindOps$FindOp.evaluateSequential(Unknown Source)
at java.util.stream.AbstractPipeline.evaluate(Unknown Source)
at java.util.stream.ReferencePipeline.findFirst(Unknown Source)
at org.openqa.selenium.remote.ProtocolHandshake.createSession(ProtocolHandshake.java:128)
at org.openqa.selenium.remote.ProtocolHandshake.createSession(ProtocolHandshake.java:74)
at org.openqa.selenium.remote.HttpCommandExecutor.execute(HttpCommandExecutor.java:136)
at org.openqa.selenium.remote.service.DriverCommandExecutor.execute(DriverCommandExecutor.java:83)
at org.openqa.selenium.remote.RemoteWebDriver.execute(RemoteWebDriver.java:552)
at org.openqa.selenium.remote.RemoteWebDriver.startSession(RemoteWebDriver.java:213)
at org.openqa.selenium.remote.RemoteWebDriver.<init>(RemoteWebDriver.java:131)
at org.openqa.selenium.chrome.ChromeDriver.<init>(ChromeDriver.java:181)
at org.openqa.selenium.chrome.ChromeDriver.<init>(ChromeDriver.java:168)
at org.openqa.selenium.chrome.ChromeDriver.<init>(ChromeDriver.java:123)
at com.mp.qa.base.mp_base.initialization(mp_base.java:56)
at com.mp.qa.TestCases.LoginPageTest.setUp(LoginPageTest.java:24)
at sun.reflect.NativeMethodAccessorImpl.invoke0(Native Method)
at sun.reflect.NativeMethodAccessorImpl.invoke(Unknown Source)
at sun.reflect.DelegatingMethodAccessorImpl.invoke(Unknown Source)
at java.lang.reflect.Method.invoke(Unknown Source)
at org.testng.internal.MethodInvocationHelper.invokeMethod(MethodInvocationHelper.java:134)
at org.testng.internal.MethodInvocationHelper.invokeMethodConsideringTimeout(MethodInvocationHelper.java:63)
at org.testng.internal.ConfigInvoker.invokeConfigurationMethod(ConfigInvoker.java:348)
at org.testng.internal.ConfigInvoker.invokeConfigurations(ConfigInvoker.java:302)
at org.testng.internal.TestInvoker.runConfigMethods(TestInvoker.java:695)
at org.testng.internal.TestInvoker.invokeMethod(TestInvoker.java:523)
at org.testng.internal.TestInvoker.invokeTestMethod(TestInvoker.java:173)
at org.testng.internal.MethodRunner.runInSequence(MethodRunner.java:46)
at org.testng.internal.TestInvoker$MethodInvocationAgent.invoke(TestInvoker.java:816)
at org.testng.internal.TestInvoker.invokeTestMethods(TestInvoker.java:146)
at org.testng.internal.TestMethodWorker.invokeTestMethods(TestMethodWorker.java:146)
at org.testng.internal.TestMethodWorker.run(TestMethodWorker.java:128)
at java.util.ArrayList.forEach(Unknown Source)
at org.testng.TestRunner.privateRun(TestRunner.java:766)
at org.testng.TestRunner.run(TestRunner.java:587)
at org.testng.SuiteRunner.runTest(SuiteRunner.java:384)
at org.testng.SuiteRunner.runSequentially(SuiteRunner.java:378)
at org.testng.SuiteRunner.privateRun(SuiteRunner.java:337)
at org.testng.SuiteRunner.run(SuiteRunner.java:286)
at org.testng.SuiteRunnerWorker.runSuite(SuiteRunnerWorker.java:53)
at org.testng.SuiteRunnerWorker.run(SuiteRunnerWorker.java:96)
at org.testng.TestNG.runSuitesSequentially(TestNG.java:1187)
at org.testng.TestNG.runSuitesLocally(TestNG.java:1109)
at org.testng.TestNG.runSuites(TestNG.java:1039)
at org.testng.TestNG.run(TestNG.java:1007)
at org.testng.remote.AbstractRemoteTestNG.run(AbstractRemoteTestNG.java:115)
at org.testng.remote.RemoteTestNG.initAndRun(RemoteTestNG.java:251)
at org.testng.remote.RemoteTestNG.main(RemoteTestNG.java:77)
]]>
            </full-stacktrace>
          </exception> <!-- org.openqa.selenium.SessionNotCreatedException -->
          <reporter-output>
          </reporter-output>
        </test-method> <!-- setUp -->
        <test-method status="SKIP" signature="loginTest()[pri:0, instance:com.mp.qa.TestCases.LoginPageTest@34c4973]" name="loginTest" duration-ms="0" started-at="2020-07-02T16:16:38 IST" finished-at="2020-07-02T16:16:38 IST">
          <exception class="org.openqa.selenium.SessionNotCreatedException">
            <message>
              <![CDATA[session not created: This version of ChromeDriver only supports Chrome version 80
Build info: version: '3.141.59', revision: 'e82be7d358', time: '2018-11-14T08:25:48'
System info: host: 'XDSFC2419', ip: '10.121.70.30', os.name: 'Windows 10', os.arch: 'amd64', os.version: '10.0', java.version: '1.8.0_171'
Driver info: driver.version: ChromeDriver
remote stacktrace: Backtrace:
Ordinal0 [0x00E50AE3+1706723]
Ordinal0 [0x00DB68C1+1075393]
Ordinal0 [0x00D2DFA9+516009]
Ordinal0 [0x00CC0554+66900]
Ordinal0 [0x00CBCCE2+52450]
Ordinal0 [0x00CDBFD7+180183]
Ordinal0 [0x00CDBDDD+179677]
Ordinal0 [0x00CD9D4B+171339]
Ordinal0 [0x00CC1D4A+73034]
Ordinal0 [0x00CC2DC0+77248]
Ordinal0 [0x00CC2D59+77145]
Ordinal0 [0x00DCBB37+1162039]
GetHandleVerifier [0x00EEA7C6+508998]
GetHandleVerifier [0x00EEA504+508292]
GetHandleVerifier [0x00EFF617+594583]
GetHandleVerifier [0x00EEB036+511158]
Ordinal0 [0x00DC3FFC+1130492]
Ordinal0 [0x00DCD49B+1168539]
Ordinal0 [0x00DCD603+1168899]
Ordinal0 [0x00DE5B05+1268485]
BaseThreadInitThunk [0x746F8674+36]
RtlGetAppContainerNamedObjectPath [0x77675EC7+311]
RtlGetAppContainerNamedObjectPath [0x77675E97+263]
]]>
            </message>
            <full-stacktrace>
              <![CDATA[org.openqa.selenium.SessionNotCreatedException: session not created: This version of ChromeDriver only supports Chrome version 80
Build info: version: '3.141.59', revision: 'e82be7d358', time: '2018-11-14T08:25:48'
System info: host: 'XDSFC2419', ip: '10.121.70.30', os.name: 'Windows 10', os.arch: 'amd64', os.version: '10.0', java.version: '1.8.0_171'
Driver info: driver.version: ChromeDriver
remote stacktrace: Backtrace:
Ordinal0 [0x00E50AE3+1706723]
Ordinal0 [0x00DB68C1+1075393]
Ordinal0 [0x00D2DFA9+516009]
Ordinal0 [0x00CC0554+66900]
Ordinal0 [0x00CBCCE2+52450]
Ordinal0 [0x00CDBFD7+180183]
Ordinal0 [0x00CDBDDD+179677]
Ordinal0 [0x00CD9D4B+171339]
Ordinal0 [0x00CC1D4A+73034]
Ordinal0 [0x00CC2DC0+77248]
Ordinal0 [0x00CC2D59+77145]
Ordinal0 [0x00DCBB37+1162039]
GetHandleVerifier [0x00EEA7C6+508998]
GetHandleVerifier [0x00EEA504+508292]
GetHandleVerifier [0x00EFF617+594583]
GetHandleVerifier [0x00EEB036+511158]
Ordinal0 [0x00DC3FFC+1130492]
Ordinal0 [0x00DCD49B+1168539]
Ordinal0 [0x00DCD603+1168899]
Ordinal0 [0x00DE5B05+1268485]
BaseThreadInitThunk [0x746F8674+36]
RtlGetAppContainerNamedObjectPath [0x77675EC7+311]
RtlGetAppContainerNamedObjectPath [0x77675E97+263]

at sun.reflect.NativeConstructorAccessorImpl.newInstance0(Native Method)
at sun.reflect.NativeConstructorAccessorImpl.newInstance(Unknown Source)
at sun.reflect.DelegatingConstructorAccessorImpl.newInstance(Unknown Source)
at java.lang.reflect.Constructor.newInstance(Unknown Source)
at org.openqa.selenium.remote.W3CHandshakeResponse.lambda$errorHandler$0(W3CHandshakeResponse.java:62)
at org.openqa.selenium.remote.HandshakeResponse.lambda$getResponseFunction$0(HandshakeResponse.java:30)
at org.openqa.selenium.remote.ProtocolHandshake.lambda$createSession$0(ProtocolHandshake.java:126)
at java.util.stream.ReferencePipeline$3$1.accept(Unknown Source)
at java.util.Spliterators$ArraySpliterator.tryAdvance(Unknown Source)
at java.util.stream.ReferencePipeline.forEachWithCancel(Unknown Source)
at java.util.stream.AbstractPipeline.copyIntoWithCancel(Unknown Source)
at java.util.stream.AbstractPipeline.copyInto(Unknown Source)
at java.util.stream.AbstractPipeline.wrapAndCopyInto(Unknown Source)
at java.util.stream.FindOps$FindOp.evaluateSequential(Unknown Source)
at java.util.stream.AbstractPipeline.evaluate(Unknown Source)
at java.util.stream.ReferencePipeline.findFirst(Unknown Source)
at org.openqa.selenium.remote.ProtocolHandshake.createSession(ProtocolHandshake.java:128)
at org.openqa.selenium.remote.ProtocolHandshake.createSession(ProtocolHandshake.java:74)
at org.openqa.selenium.remote.HttpCommandExecutor.execute(HttpCommandExecutor.java:136)
at org.openqa.selenium.remote.service.DriverCommandExecutor.execute(DriverCommandExecutor.java:83)
at org.openqa.selenium.remote.RemoteWebDriver.execute(RemoteWebDriver.java:552)
at org.openqa.selenium.remote.RemoteWebDriver.startSession(RemoteWebDriver.java:213)
at org.openqa.selenium.remote.RemoteWebDriver.<init>(RemoteWebDriver.java:131)
at org.openqa.selenium.chrome.ChromeDriver.<init>(ChromeDriver.java:181)
at org.openqa.selenium.chrome.ChromeDriver.<init>(ChromeDriver.java:168)
at org.openqa.selenium.chrome.ChromeDriver.<init>(ChromeDriver.java:123)
at com.mp.qa.base.mp_base.initialization(mp_base.java:56)
at com.mp.qa.TestCases.LoginPageTest.setUp(LoginPageTest.java:24)
at sun.reflect.NativeMethodAccessorImpl.invoke0(Native Method)
at sun.reflect.NativeMethodAccessorImpl.invoke(Unknown Source)
at sun.reflect.DelegatingMethodAccessorImpl.invoke(Unknown Source)
at java.lang.reflect.Method.invoke(Unknown Source)
at org.testng.internal.MethodInvocationHelper.invokeMethod(MethodInvocationHelper.java:134)
at org.testng.internal.MethodInvocationHelper.invokeMethodConsideringTimeout(MethodInvocationHelper.java:63)
at org.testng.internal.ConfigInvoker.invokeConfigurationMethod(ConfigInvoker.java:348)
at org.testng.internal.ConfigInvoker.invokeConfigurations(ConfigInvoker.java:302)
at org.testng.internal.TestInvoker.runConfigMethods(TestInvoker.java:695)
at org.testng.internal.TestInvoker.invokeMethod(TestInvoker.java:523)
at org.testng.internal.TestInvoker.invokeTestMethod(TestInvoker.java:173)
at org.testng.internal.MethodRunner.runInSequence(MethodRunner.java:46)
at org.testng.internal.TestInvoker$MethodInvocationAgent.invoke(TestInvoker.java:816)
at org.testng.internal.TestInvoker.invokeTestMethods(TestInvoker.java:146)
at org.testng.internal.TestMethodWorker.invokeTestMethods(TestMethodWorker.java:146)
at org.testng.internal.TestMethodWorker.run(TestMethodWorker.java:128)
at java.util.ArrayList.forEach(Unknown Source)
at org.testng.TestRunner.privateRun(TestRunner.java:766)
at org.testng.TestRunner.run(TestRunner.java:587)
at org.testng.SuiteRunner.runTest(SuiteRunner.java:384)
at org.testng.SuiteRunner.runSequentially(SuiteRunner.java:378)
at org.testng.SuiteRunner.privateRun(SuiteRunner.java:337)
at org.testng.SuiteRunner.run(SuiteRunner.java:286)
at org.testng.SuiteRunnerWorker.runSuite(SuiteRunnerWorker.java:53)
at org.testng.SuiteRunnerWorker.run(SuiteRunnerWorker.java:96)
at org.testng.TestNG.runSuitesSequentially(TestNG.java:1187)
at org.testng.TestNG.runSuitesLocally(TestNG.java:1109)
at org.testng.TestNG.runSuites(TestNG.java:1039)
at org.testng.TestNG.run(TestNG.java:1007)
at org.testng.remote.AbstractRemoteTestNG.run(AbstractRemoteTestNG.java:115)
at org.testng.remote.RemoteTestNG.initAndRun(RemoteTestNG.java:251)
at org.testng.remote.RemoteTestNG.main(RemoteTestNG.java:77)
]]>
            </full-stacktrace>
          </exception> <!-- org.openqa.selenium.SessionNotCreatedException -->
          <reporter-output>
          </reporter-output>
        </test-method> <!-- loginTest -->
        <test-method status="SKIP" signature="tearDown()[pri:0, instance:com.mp.qa.TestCases.LoginPageTest@34c4973]" name="tearDown" is-config="true" duration-ms="-1593686798781" started-at="2020-07-02T16:16:38 IST" finished-at="1970-01-01T05:30:00 IST">
          <reporter-output>
          </reporter-output>
        </test-method> <!-- tearDown -->
      </class> <!-- com.mp.qa.TestCases.LoginPageTest -->
      <class name="com.mp.qa.TestCases.HomePageTest">
        <test-method status="FAIL" signature="setUp()[pri:0, instance:com.mp.qa.TestCases.HomePageTest@52feb982]" name="setUp" is-config="true" duration-ms="7205" started-at="2020-07-02T16:16:38 IST" finished-at="2020-07-02T16:16:46 IST">
          <exception class="org.openqa.selenium.SessionNotCreatedException">
            <message>
              <![CDATA[session not created: This version of ChromeDriver only supports Chrome version 80
Build info: version: '3.141.59', revision: 'e82be7d358', time: '2018-11-14T08:25:48'
System info: host: 'XDSFC2419', ip: '10.121.70.30', os.name: 'Windows 10', os.arch: 'amd64', os.version: '10.0', java.version: '1.8.0_171'
Driver info: driver.version: ChromeDriver
remote stacktrace: Backtrace:
Ordinal0 [0x00E50AE3+1706723]
Ordinal0 [0x00DB68C1+1075393]
Ordinal0 [0x00D2DFA9+516009]
Ordinal0 [0x00CC0554+66900]
Ordinal0 [0x00CBCCE2+52450]
Ordinal0 [0x00CDBFD7+180183]
Ordinal0 [0x00CDBDDD+179677]
Ordinal0 [0x00CD9D4B+171339]
Ordinal0 [0x00CC1D4A+73034]
Ordinal0 [0x00CC2DC0+77248]
Ordinal0 [0x00CC2D59+77145]
Ordinal0 [0x00DCBB37+1162039]
GetHandleVerifier [0x00EEA7C6+508998]
GetHandleVerifier [0x00EEA504+508292]
GetHandleVerifier [0x00EFF617+594583]
GetHandleVerifier [0x00EEB036+511158]
Ordinal0 [0x00DC3FFC+1130492]
Ordinal0 [0x00DCD49B+1168539]
Ordinal0 [0x00DCD603+1168899]
Ordinal0 [0x00DE5B05+1268485]
BaseThreadInitThunk [0x746F8674+36]
RtlGetAppContainerNamedObjectPath [0x77675EC7+311]
RtlGetAppContainerNamedObjectPath [0x77675E97+263]
]]>
            </message>
            <full-stacktrace>
              <![CDATA[org.openqa.selenium.SessionNotCreatedException: session not created: This version of ChromeDriver only supports Chrome version 80
Build info: version: '3.141.59', revision: 'e82be7d358', time: '2018-11-14T08:25:48'
System info: host: 'XDSFC2419', ip: '10.121.70.30', os.name: 'Windows 10', os.arch: 'amd64', os.version: '10.0', java.version: '1.8.0_171'
Driver info: driver.version: ChromeDriver
remote stacktrace: Backtrace:
Ordinal0 [0x00E50AE3+1706723]
Ordinal0 [0x00DB68C1+1075393]
Ordinal0 [0x00D2DFA9+516009]
Ordinal0 [0x00CC0554+66900]
Ordinal0 [0x00CBCCE2+52450]
Ordinal0 [0x00CDBFD7+180183]
Ordinal0 [0x00CDBDDD+179677]
Ordinal0 [0x00CD9D4B+171339]
Ordinal0 [0x00CC1D4A+73034]
Ordinal0 [0x00CC2DC0+77248]
Ordinal0 [0x00CC2D59+77145]
Ordinal0 [0x00DCBB37+1162039]
GetHandleVerifier [0x00EEA7C6+508998]
GetHandleVerifier [0x00EEA504+508292]
GetHandleVerifier [0x00EFF617+594583]
GetHandleVerifier [0x00EEB036+511158]
Ordinal0 [0x00DC3FFC+1130492]
Ordinal0 [0x00DCD49B+1168539]
Ordinal0 [0x00DCD603+1168899]
Ordinal0 [0x00DE5B05+1268485]
BaseThreadInitThunk [0x746F8674+36]
RtlGetAppContainerNamedObjectPath [0x77675EC7+311]
RtlGetAppContainerNamedObjectPath [0x77675E97+263]

at sun.reflect.NativeConstructorAccessorImpl.newInstance0(Native Method)
at sun.reflect.NativeConstructorAccessorImpl.newInstance(Unknown Source)
at sun.reflect.DelegatingConstructorAccessorImpl.newInstance(Unknown Source)
at java.lang.reflect.Constructor.newInstance(Unknown Source)
at org.openqa.selenium.remote.W3CHandshakeResponse.lambda$errorHandler$0(W3CHandshakeResponse.java:62)
at org.openqa.selenium.remote.HandshakeResponse.lambda$getResponseFunction$0(HandshakeResponse.java:30)
at org.openqa.selenium.remote.ProtocolHandshake.lambda$createSession$0(ProtocolHandshake.java:126)
at java.util.stream.ReferencePipeline$3$1.accept(Unknown Source)
at java.util.Spliterators$ArraySpliterator.tryAdvance(Unknown Source)
at java.util.stream.ReferencePipeline.forEachWithCancel(Unknown Source)
at java.util.stream.AbstractPipeline.copyIntoWithCancel(Unknown Source)
at java.util.stream.AbstractPipeline.copyInto(Unknown Source)
at java.util.stream.AbstractPipeline.wrapAndCopyInto(Unknown Source)
at java.util.stream.FindOps$FindOp.evaluateSequential(Unknown Source)
at java.util.stream.AbstractPipeline.evaluate(Unknown Source)
at java.util.stream.ReferencePipeline.findFirst(Unknown Source)
at org.openqa.selenium.remote.ProtocolHandshake.createSession(ProtocolHandshake.java:128)
at org.openqa.selenium.remote.ProtocolHandshake.createSession(ProtocolHandshake.java:74)
at org.openqa.selenium.remote.HttpCommandExecutor.execute(HttpCommandExecutor.java:136)
at org.openqa.selenium.remote.service.DriverCommandExecutor.execute(DriverCommandExecutor.java:83)
at org.openqa.selenium.remote.RemoteWebDriver.execute(RemoteWebDriver.java:552)
at org.openqa.selenium.remote.RemoteWebDriver.startSession(RemoteWebDriver.java:213)
at org.openqa.selenium.remote.RemoteWebDriver.<init>(RemoteWebDriver.java:131)
at org.openqa.selenium.chrome.ChromeDriver.<init>(ChromeDriver.java:181)
at org.openqa.selenium.chrome.ChromeDriver.<init>(ChromeDriver.java:168)
at org.openqa.selenium.chrome.ChromeDriver.<init>(ChromeDriver.java:123)
at com.mp.qa.base.mp_base.initialization(mp_base.java:56)
at com.mp.qa.TestCases.HomePageTest.setUp(HomePageTest.java:31)
at sun.reflect.NativeMethodAccessorImpl.invoke0(Native Method)
at sun.reflect.NativeMethodAccessorImpl.invoke(Unknown Source)
at sun.reflect.DelegatingMethodAccessorImpl.invoke(Unknown Source)
at java.lang.reflect.Method.invoke(Unknown Source)
at org.testng.internal.MethodInvocationHelper.invokeMethod(MethodInvocationHelper.java:134)
at org.testng.internal.MethodInvocationHelper.invokeMethodConsideringTimeout(MethodInvocationHelper.java:63)
at org.testng.internal.ConfigInvoker.invokeConfigurationMethod(ConfigInvoker.java:348)
at org.testng.internal.ConfigInvoker.invokeConfigurations(ConfigInvoker.java:302)
at org.testng.internal.TestInvoker.runConfigMethods(TestInvoker.java:695)
at org.testng.internal.TestInvoker.invokeMethod(TestInvoker.java:523)
at org.testng.internal.TestInvoker.invokeTestMethod(TestInvoker.java:173)
at org.testng.internal.MethodRunner.runInSequence(MethodRunner.java:46)
at org.testng.internal.TestInvoker$MethodInvocationAgent.invoke(TestInvoker.java:816)
at org.testng.internal.TestInvoker.invokeTestMethods(TestInvoker.java:146)
at org.testng.internal.TestMethodWorker.invokeTestMethods(TestMethodWorker.java:146)
at org.testng.internal.TestMethodWorker.run(TestMethodWorker.java:128)
at java.util.ArrayList.forEach(Unknown Source)
at org.testng.TestRunner.privateRun(TestRunner.java:766)
at org.testng.TestRunner.run(TestRunner.java:587)
at org.testng.SuiteRunner.runTest(SuiteRunner.java:384)
at org.testng.SuiteRunner.runSequentially(SuiteRunner.java:378)
at org.testng.SuiteRunner.privateRun(SuiteRunner.java:337)
at org.testng.SuiteRunner.run(SuiteRunner.java:286)
at org.testng.SuiteRunnerWorker.runSuite(SuiteRunnerWorker.java:53)
at org.testng.SuiteRunnerWorker.run(SuiteRunnerWorker.java:96)
at org.testng.TestNG.runSuitesSequentially(TestNG.java:1187)
at org.testng.TestNG.runSuitesLocally(TestNG.java:1109)
at org.testng.TestNG.runSuites(TestNG.java:1039)
at org.testng.TestNG.run(TestNG.java:1007)
at org.testng.remote.AbstractRemoteTestNG.run(AbstractRemoteTestNG.java:115)
at org.testng.remote.RemoteTestNG.initAndRun(RemoteTestNG.java:251)
at org.testng.remote.RemoteTestNG.main(RemoteTestNG.java:77)
]]>
            </full-stacktrace>
          </exception> <!-- org.openqa.selenium.SessionNotCreatedException -->
          <reporter-output>
          </reporter-output>
        </test-method> <!-- setUp -->
        <test-method status="SKIP" signature="GoToActionALerts()[pri:0, instance:com.mp.qa.TestCases.HomePageTest@52feb982]" name="GoToActionALerts" duration-ms="0" started-at="2020-07-02T16:16:46 IST" finished-at="2020-07-02T16:16:46 IST">
          <exception class="org.openqa.selenium.SessionNotCreatedException">
            <message>
              <![CDATA[session not created: This version of ChromeDriver only supports Chrome version 80
Build info: version: '3.141.59', revision: 'e82be7d358', time: '2018-11-14T08:25:48'
System info: host: 'XDSFC2419', ip: '10.121.70.30', os.name: 'Windows 10', os.arch: 'amd64', os.version: '10.0', java.version: '1.8.0_171'
Driver info: driver.version: ChromeDriver
remote stacktrace: Backtrace:
Ordinal0 [0x00E50AE3+1706723]
Ordinal0 [0x00DB68C1+1075393]
Ordinal0 [0x00D2DFA9+516009]
Ordinal0 [0x00CC0554+66900]
Ordinal0 [0x00CBCCE2+52450]
Ordinal0 [0x00CDBFD7+180183]
Ordinal0 [0x00CDBDDD+179677]
Ordinal0 [0x00CD9D4B+171339]
Ordinal0 [0x00CC1D4A+73034]
Ordinal0 [0x00CC2DC0+77248]
Ordinal0 [0x00CC2D59+77145]
Ordinal0 [0x00DCBB37+1162039]
GetHandleVerifier [0x00EEA7C6+508998]
GetHandleVerifier [0x00EEA504+508292]
GetHandleVerifier [0x00EFF617+594583]
GetHandleVerifier [0x00EEB036+511158]
Ordinal0 [0x00DC3FFC+1130492]
Ordinal0 [0x00DCD49B+1168539]
Ordinal0 [0x00DCD603+1168899]
Ordinal0 [0x00DE5B05+1268485]
BaseThreadInitThunk [0x746F8674+36]
RtlGetAppContainerNamedObjectPath [0x77675EC7+311]
RtlGetAppContainerNamedObjectPath [0x77675E97+263]
]]>
            </message>
            <full-stacktrace>
              <![CDATA[org.openqa.selenium.SessionNotCreatedException: session not created: This version of ChromeDriver only supports Chrome version 80
Build info: version: '3.141.59', revision: 'e82be7d358', time: '2018-11-14T08:25:48'
System info: host: 'XDSFC2419', ip: '10.121.70.30', os.name: 'Windows 10', os.arch: 'amd64', os.version: '10.0', java.version: '1.8.0_171'
Driver info: driver.version: ChromeDriver
remote stacktrace: Backtrace:
Ordinal0 [0x00E50AE3+1706723]
Ordinal0 [0x00DB68C1+1075393]
Ordinal0 [0x00D2DFA9+516009]
Ordinal0 [0x00CC0554+66900]
Ordinal0 [0x00CBCCE2+52450]
Ordinal0 [0x00CDBFD7+180183]
Ordinal0 [0x00CDBDDD+179677]
Ordinal0 [0x00CD9D4B+171339]
Ordinal0 [0x00CC1D4A+73034]
Ordinal0 [0x00CC2DC0+77248]
Ordinal0 [0x00CC2D59+77145]
Ordinal0 [0x00DCBB37+1162039]
GetHandleVerifier [0x00EEA7C6+508998]
GetHandleVerifier [0x00EEA504+508292]
GetHandleVerifier [0x00EFF617+594583]
GetHandleVerifier [0x00EEB036+511158]
Ordinal0 [0x00DC3FFC+1130492]
Ordinal0 [0x00DCD49B+1168539]
Ordinal0 [0x00DCD603+1168899]
Ordinal0 [0x00DE5B05+1268485]
BaseThreadInitThunk [0x746F8674+36]
RtlGetAppContainerNamedObjectPath [0x77675EC7+311]
RtlGetAppContainerNamedObjectPath [0x77675E97+263]

at sun.reflect.NativeConstructorAccessorImpl.newInstance0(Native Method)
at sun.reflect.NativeConstructorAccessorImpl.newInstance(Unknown Source)
at sun.reflect.DelegatingConstructorAccessorImpl.newInstance(Unknown Source)
at java.lang.reflect.Constructor.newInstance(Unknown Source)
at org.openqa.selenium.remote.W3CHandshakeResponse.lambda$errorHandler$0(W3CHandshakeResponse.java:62)
at org.openqa.selenium.remote.HandshakeResponse.lambda$getResponseFunction$0(HandshakeResponse.java:30)
at org.openqa.selenium.remote.ProtocolHandshake.lambda$createSession$0(ProtocolHandshake.java:126)
at java.util.stream.ReferencePipeline$3$1.accept(Unknown Source)
at java.util.Spliterators$ArraySpliterator.tryAdvance(Unknown Source)
at java.util.stream.ReferencePipeline.forEachWithCancel(Unknown Source)
at java.util.stream.AbstractPipeline.copyIntoWithCancel(Unknown Source)
at java.util.stream.AbstractPipeline.copyInto(Unknown Source)
at java.util.stream.AbstractPipeline.wrapAndCopyInto(Unknown Source)
at java.util.stream.FindOps$FindOp.evaluateSequential(Unknown Source)
at java.util.stream.AbstractPipeline.evaluate(Unknown Source)
at java.util.stream.ReferencePipeline.findFirst(Unknown Source)
at org.openqa.selenium.remote.ProtocolHandshake.createSession(ProtocolHandshake.java:128)
at org.openqa.selenium.remote.ProtocolHandshake.createSession(ProtocolHandshake.java:74)
at org.openqa.selenium.remote.HttpCommandExecutor.execute(HttpCommandExecutor.java:136)
at org.openqa.selenium.remote.service.DriverCommandExecutor.execute(DriverCommandExecutor.java:83)
at org.openqa.selenium.remote.RemoteWebDriver.execute(RemoteWebDriver.java:552)
at org.openqa.selenium.remote.RemoteWebDriver.startSession(RemoteWebDriver.java:213)
at org.openqa.selenium.remote.RemoteWebDriver.<init>(RemoteWebDriver.java:131)
at org.openqa.selenium.chrome.ChromeDriver.<init>(ChromeDriver.java:181)
at org.openqa.selenium.chrome.ChromeDriver.<init>(ChromeDriver.java:168)
at org.openqa.selenium.chrome.ChromeDriver.<init>(ChromeDriver.java:123)
at com.mp.qa.base.mp_base.initialization(mp_base.java:56)
at com.mp.qa.TestCases.HomePageTest.setUp(HomePageTest.java:31)
at sun.reflect.NativeMethodAccessorImpl.invoke0(Native Method)
at sun.reflect.NativeMethodAccessorImpl.invoke(Unknown Source)
at sun.reflect.DelegatingMethodAccessorImpl.invoke(Unknown Source)
at java.lang.reflect.Method.invoke(Unknown Source)
at org.testng.internal.MethodInvocationHelper.invokeMethod(MethodInvocationHelper.java:134)
at org.testng.internal.MethodInvocationHelper.invokeMethodConsideringTimeout(MethodInvocationHelper.java:63)
at org.testng.internal.ConfigInvoker.invokeConfigurationMethod(ConfigInvoker.java:348)
at org.testng.internal.ConfigInvoker.invokeConfigurations(ConfigInvoker.java:302)
at org.testng.internal.TestInvoker.runConfigMethods(TestInvoker.java:695)
at org.testng.internal.TestInvoker.invokeMethod(TestInvoker.java:523)
at org.testng.internal.TestInvoker.invokeTestMethod(TestInvoker.java:173)
at org.testng.internal.MethodRunner.runInSequence(MethodRunner.java:46)
at org.testng.internal.TestInvoker$MethodInvocationAgent.invoke(TestInvoker.java:816)
at org.testng.internal.TestInvoker.invokeTestMethods(TestInvoker.java:146)
at org.testng.internal.TestMethodWorker.invokeTestMethods(TestMethodWorker.java:146)
at org.testng.internal.TestMethodWorker.run(TestMethodWorker.java:128)
at java.util.ArrayList.forEach(Unknown Source)
at org.testng.TestRunner.privateRun(TestRunner.java:766)
at org.testng.TestRunner.run(TestRunner.java:587)
at org.testng.SuiteRunner.runTest(SuiteRunner.java:384)
at org.testng.SuiteRunner.runSequentially(SuiteRunner.java:378)
at org.testng.SuiteRunner.privateRun(SuiteRunner.java:337)
at org.testng.SuiteRunner.run(SuiteRunner.java:286)
at org.testng.SuiteRunnerWorker.runSuite(SuiteRunnerWorker.java:53)
at org.testng.SuiteRunnerWorker.run(SuiteRunnerWorker.java:96)
at org.testng.TestNG.runSuitesSequentially(TestNG.java:1187)
at org.testng.TestNG.runSuitesLocally(TestNG.java:1109)
at org.testng.TestNG.runSuites(TestNG.java:1039)
at org.testng.TestNG.run(TestNG.java:1007)
at org.testng.remote.AbstractRemoteTestNG.run(AbstractRemoteTestNG.java:115)
at org.testng.remote.RemoteTestNG.initAndRun(RemoteTestNG.java:251)
at org.testng.remote.RemoteTestNG.main(RemoteTestNG.java:77)
]]>
            </full-stacktrace>
          </exception> <!-- org.openqa.selenium.SessionNotCreatedException -->
          <reporter-output>
          </reporter-output>
        </test-method> <!-- GoToActionALerts -->
        <test-method status="SKIP" signature="tearDown()[pri:0, instance:com.mp.qa.TestCases.HomePageTest@52feb982]" name="tearDown" is-config="true" duration-ms="-1593686806039" started-at="2020-07-02T16:16:46 IST" finished-at="1970-01-01T05:30:00 IST">
          <reporter-output>
          </reporter-output>
        </test-method> <!-- tearDown -->
        <test-method status="SKIP" signature="setUp()[pri:0, instance:com.mp.qa.TestCases.HomePageTest@52feb982]" name="setUp" is-config="true" duration-ms="-1593686806055" started-at="2020-07-02T16:16:46 IST" finished-at="1970-01-01T05:30:00 IST">
          <reporter-output>
          </reporter-output>
        </test-method> <!-- setUp -->
        <test-method status="SKIP" signature="HamburgerBtnTest()[pri:0, instance:com.mp.qa.TestCases.HomePageTest@52feb982]" name="HamburgerBtnTest" duration-ms="0" started-at="2020-07-02T16:16:46 IST" finished-at="2020-07-02T16:16:46 IST">
          <exception class="org.openqa.selenium.SessionNotCreatedException">
            <message>
              <![CDATA[session not created: This version of ChromeDriver only supports Chrome version 80
Build info: version: '3.141.59', revision: 'e82be7d358', time: '2018-11-14T08:25:48'
System info: host: 'XDSFC2419', ip: '10.121.70.30', os.name: 'Windows 10', os.arch: 'amd64', os.version: '10.0', java.version: '1.8.0_171'
Driver info: driver.version: ChromeDriver
remote stacktrace: Backtrace:
Ordinal0 [0x00E50AE3+1706723]
Ordinal0 [0x00DB68C1+1075393]
Ordinal0 [0x00D2DFA9+516009]
Ordinal0 [0x00CC0554+66900]
Ordinal0 [0x00CBCCE2+52450]
Ordinal0 [0x00CDBFD7+180183]
Ordinal0 [0x00CDBDDD+179677]
Ordinal0 [0x00CD9D4B+171339]
Ordinal0 [0x00CC1D4A+73034]
Ordinal0 [0x00CC2DC0+77248]
Ordinal0 [0x00CC2D59+77145]
Ordinal0 [0x00DCBB37+1162039]
GetHandleVerifier [0x00EEA7C6+508998]
GetHandleVerifier [0x00EEA504+508292]
GetHandleVerifier [0x00EFF617+594583]
GetHandleVerifier [0x00EEB036+511158]
Ordinal0 [0x00DC3FFC+1130492]
Ordinal0 [0x00DCD49B+1168539]
Ordinal0 [0x00DCD603+1168899]
Ordinal0 [0x00DE5B05+1268485]
BaseThreadInitThunk [0x746F8674+36]
RtlGetAppContainerNamedObjectPath [0x77675EC7+311]
RtlGetAppContainerNamedObjectPath [0x77675E97+263]
]]>
            </message>
            <full-stacktrace>
              <![CDATA[org.openqa.selenium.SessionNotCreatedException: session not created: This version of ChromeDriver only supports Chrome version 80
Build info: version: '3.141.59', revision: 'e82be7d358', time: '2018-11-14T08:25:48'
System info: host: 'XDSFC2419', ip: '10.121.70.30', os.name: 'Windows 10', os.arch: 'amd64', os.version: '10.0', java.version: '1.8.0_171'
Driver info: driver.version: ChromeDriver
remote stacktrace: Backtrace:
Ordinal0 [0x00E50AE3+1706723]
Ordinal0 [0x00DB68C1+1075393]
Ordinal0 [0x00D2DFA9+516009]
Ordinal0 [0x00CC0554+66900]
Ordinal0 [0x00CBCCE2+52450]
Ordinal0 [0x00CDBFD7+180183]
Ordinal0 [0x00CDBDDD+179677]
Ordinal0 [0x00CD9D4B+171339]
Ordinal0 [0x00CC1D4A+73034]
Ordinal0 [0x00CC2DC0+77248]
Ordinal0 [0x00CC2D59+77145]
Ordinal0 [0x00DCBB37+1162039]
GetHandleVerifier [0x00EEA7C6+508998]
GetHandleVerifier [0x00EEA504+508292]
GetHandleVerifier [0x00EFF617+594583]
GetHandleVerifier [0x00EEB036+511158]
Ordinal0 [0x00DC3FFC+1130492]
Ordinal0 [0x00DCD49B+1168539]
Ordinal0 [0x00DCD603+1168899]
Ordinal0 [0x00DE5B05+1268485]
BaseThreadInitThunk [0x746F8674+36]
RtlGetAppContainerNamedObjectPath [0x77675EC7+311]
RtlGetAppContainerNamedObjectPath [0x77675E97+263]

at sun.reflect.NativeConstructorAccessorImpl.newInstance0(Native Method)
at sun.reflect.NativeConstructorAccessorImpl.newInstance(Unknown Source)
at sun.reflect.DelegatingConstructorAccessorImpl.newInstance(Unknown Source)
at java.lang.reflect.Constructor.newInstance(Unknown Source)
at org.openqa.selenium.remote.W3CHandshakeResponse.lambda$errorHandler$0(W3CHandshakeResponse.java:62)
at org.openqa.selenium.remote.HandshakeResponse.lambda$getResponseFunction$0(HandshakeResponse.java:30)
at org.openqa.selenium.remote.ProtocolHandshake.lambda$createSession$0(ProtocolHandshake.java:126)
at java.util.stream.ReferencePipeline$3$1.accept(Unknown Source)
at java.util.Spliterators$ArraySpliterator.tryAdvance(Unknown Source)
at java.util.stream.ReferencePipeline.forEachWithCancel(Unknown Source)
at java.util.stream.AbstractPipeline.copyIntoWithCancel(Unknown Source)
at java.util.stream.AbstractPipeline.copyInto(Unknown Source)
at java.util.stream.AbstractPipeline.wrapAndCopyInto(Unknown Source)
at java.util.stream.FindOps$FindOp.evaluateSequential(Unknown Source)
at java.util.stream.AbstractPipeline.evaluate(Unknown Source)
at java.util.stream.ReferencePipeline.findFirst(Unknown Source)
at org.openqa.selenium.remote.ProtocolHandshake.createSession(ProtocolHandshake.java:128)
at org.openqa.selenium.remote.ProtocolHandshake.createSession(ProtocolHandshake.java:74)
at org.openqa.selenium.remote.HttpCommandExecutor.execute(HttpCommandExecutor.java:136)
at org.openqa.selenium.remote.service.DriverCommandExecutor.execute(DriverCommandExecutor.java:83)
at org.openqa.selenium.remote.RemoteWebDriver.execute(RemoteWebDriver.java:552)
at org.openqa.selenium.remote.RemoteWebDriver.startSession(RemoteWebDriver.java:213)
at org.openqa.selenium.remote.RemoteWebDriver.<init>(RemoteWebDriver.java:131)
at org.openqa.selenium.chrome.ChromeDriver.<init>(ChromeDriver.java:181)
at org.openqa.selenium.chrome.ChromeDriver.<init>(ChromeDriver.java:168)
at org.openqa.selenium.chrome.ChromeDriver.<init>(ChromeDriver.java:123)
at com.mp.qa.base.mp_base.initialization(mp_base.java:56)
at com.mp.qa.TestCases.HomePageTest.setUp(HomePageTest.java:31)
at sun.reflect.NativeMethodAccessorImpl.invoke0(Native Method)
at sun.reflect.NativeMethodAccessorImpl.invoke(Unknown Source)
at sun.reflect.DelegatingMethodAccessorImpl.invoke(Unknown Source)
at java.lang.reflect.Method.invoke(Unknown Source)
at org.testng.internal.MethodInvocationHelper.invokeMethod(MethodInvocationHelper.java:134)
at org.testng.internal.MethodInvocationHelper.invokeMethodConsideringTimeout(MethodInvocationHelper.java:63)
at org.testng.internal.ConfigInvoker.invokeConfigurationMethod(ConfigInvoker.java:348)
at org.testng.internal.ConfigInvoker.invokeConfigurations(ConfigInvoker.java:302)
at org.testng.internal.TestInvoker.runConfigMethods(TestInvoker.java:695)
at org.testng.internal.TestInvoker.invokeMethod(TestInvoker.java:523)
at org.testng.internal.TestInvoker.invokeTestMethod(TestInvoker.java:173)
at org.testng.internal.MethodRunner.runInSequence(MethodRunner.java:46)
at org.testng.internal.TestInvoker$MethodInvocationAgent.invoke(TestInvoker.java:816)
at org.testng.internal.TestInvoker.invokeTestMethods(TestInvoker.java:146)
at org.testng.internal.TestMethodWorker.invokeTestMethods(TestMethodWorker.java:146)
at org.testng.internal.TestMethodWorker.run(TestMethodWorker.java:128)
at java.util.ArrayList.forEach(Unknown Source)
at org.testng.TestRunner.privateRun(TestRunner.java:766)
at org.testng.TestRunner.run(TestRunner.java:587)
at org.testng.SuiteRunner.runTest(SuiteRunner.java:384)
at org.testng.SuiteRunner.runSequentially(SuiteRunner.java:378)
at org.testng.SuiteRunner.privateRun(SuiteRunner.java:337)
at org.testng.SuiteRunner.run(SuiteRunner.java:286)
at org.testng.SuiteRunnerWorker.runSuite(SuiteRunnerWorker.java:53)
at org.testng.SuiteRunnerWorker.run(SuiteRunnerWorker.java:96)
at org.testng.TestNG.runSuitesSequentially(TestNG.java:1187)
at org.testng.TestNG.runSuitesLocally(TestNG.java:1109)
at org.testng.TestNG.runSuites(TestNG.java:1039)
at org.testng.TestNG.run(TestNG.java:1007)
at org.testng.remote.AbstractRemoteTestNG.run(AbstractRemoteTestNG.java:115)
at org.testng.remote.RemoteTestNG.initAndRun(RemoteTestNG.java:251)
at org.testng.remote.RemoteTestNG.main(RemoteTestNG.java:77)
]]>
            </full-stacktrace>
          </exception> <!-- org.openqa.selenium.SessionNotCreatedException -->
          <reporter-output>
          </reporter-output>
        </test-method> <!-- HamburgerBtnTest -->
        <test-method status="SKIP" signature="tearDown()[pri:0, instance:com.mp.qa.TestCases.HomePageTest@52feb982]" name="tearDown" is-config="true" duration-ms="-1593686806069" started-at="2020-07-02T16:16:46 IST" finished-at="1970-01-01T05:30:00 IST">
          <reporter-output>
          </reporter-output>
        </test-method> <!-- tearDown -->
        <test-method status="SKIP" signature="setUp()[pri:0, instance:com.mp.qa.TestCases.HomePageTest@52feb982]" name="setUp" is-config="true" duration-ms="-1593686806084" started-at="2020-07-02T16:16:46 IST" finished-at="1970-01-01T05:30:00 IST">
          <reporter-output>
          </reporter-output>
        </test-method> <!-- setUp -->
        <test-method status="SKIP" signature="ProfileIconTest()[pri:0, instance:com.mp.qa.TestCases.HomePageTest@52feb982]" name="ProfileIconTest" duration-ms="0" started-at="2020-07-02T16:16:46 IST" finished-at="2020-07-02T16:16:46 IST">
          <exception class="org.openqa.selenium.SessionNotCreatedException">
            <message>
              <![CDATA[session not created: This version of ChromeDriver only supports Chrome version 80
Build info: version: '3.141.59', revision: 'e82be7d358', time: '2018-11-14T08:25:48'
System info: host: 'XDSFC2419', ip: '10.121.70.30', os.name: 'Windows 10', os.arch: 'amd64', os.version: '10.0', java.version: '1.8.0_171'
Driver info: driver.version: ChromeDriver
remote stacktrace: Backtrace:
Ordinal0 [0x00E50AE3+1706723]
Ordinal0 [0x00DB68C1+1075393]
Ordinal0 [0x00D2DFA9+516009]
Ordinal0 [0x00CC0554+66900]
Ordinal0 [0x00CBCCE2+52450]
Ordinal0 [0x00CDBFD7+180183]
Ordinal0 [0x00CDBDDD+179677]
Ordinal0 [0x00CD9D4B+171339]
Ordinal0 [0x00CC1D4A+73034]
Ordinal0 [0x00CC2DC0+77248]
Ordinal0 [0x00CC2D59+77145]
Ordinal0 [0x00DCBB37+1162039]
GetHandleVerifier [0x00EEA7C6+508998]
GetHandleVerifier [0x00EEA504+508292]
GetHandleVerifier [0x00EFF617+594583]
GetHandleVerifier [0x00EEB036+511158]
Ordinal0 [0x00DC3FFC+1130492]
Ordinal0 [0x00DCD49B+1168539]
Ordinal0 [0x00DCD603+1168899]
Ordinal0 [0x00DE5B05+1268485]
BaseThreadInitThunk [0x746F8674+36]
RtlGetAppContainerNamedObjectPath [0x77675EC7+311]
RtlGetAppContainerNamedObjectPath [0x77675E97+263]
]]>
            </message>
            <full-stacktrace>
              <![CDATA[org.openqa.selenium.SessionNotCreatedException: session not created: This version of ChromeDriver only supports Chrome version 80
Build info: version: '3.141.59', revision: 'e82be7d358', time: '2018-11-14T08:25:48'
System info: host: 'XDSFC2419', ip: '10.121.70.30', os.name: 'Windows 10', os.arch: 'amd64', os.version: '10.0', java.version: '1.8.0_171'
Driver info: driver.version: ChromeDriver
remote stacktrace: Backtrace:
Ordinal0 [0x00E50AE3+1706723]
Ordinal0 [0x00DB68C1+1075393]
Ordinal0 [0x00D2DFA9+516009]
Ordinal0 [0x00CC0554+66900]
Ordinal0 [0x00CBCCE2+52450]
Ordinal0 [0x00CDBFD7+180183]
Ordinal0 [0x00CDBDDD+179677]
Ordinal0 [0x00CD9D4B+171339]
Ordinal0 [0x00CC1D4A+73034]
Ordinal0 [0x00CC2DC0+77248]
Ordinal0 [0x00CC2D59+77145]
Ordinal0 [0x00DCBB37+1162039]
GetHandleVerifier [0x00EEA7C6+508998]
GetHandleVerifier [0x00EEA504+508292]
GetHandleVerifier [0x00EFF617+594583]
GetHandleVerifier [0x00EEB036+511158]
Ordinal0 [0x00DC3FFC+1130492]
Ordinal0 [0x00DCD49B+1168539]
Ordinal0 [0x00DCD603+1168899]
Ordinal0 [0x00DE5B05+1268485]
BaseThreadInitThunk [0x746F8674+36]
RtlGetAppContainerNamedObjectPath [0x77675EC7+311]
RtlGetAppContainerNamedObjectPath [0x77675E97+263]

at sun.reflect.NativeConstructorAccessorImpl.newInstance0(Native Method)
at sun.reflect.NativeConstructorAccessorImpl.newInstance(Unknown Source)
at sun.reflect.DelegatingConstructorAccessorImpl.newInstance(Unknown Source)
at java.lang.reflect.Constructor.newInstance(Unknown Source)
at org.openqa.selenium.remote.W3CHandshakeResponse.lambda$errorHandler$0(W3CHandshakeResponse.java:62)
at org.openqa.selenium.remote.HandshakeResponse.lambda$getResponseFunction$0(HandshakeResponse.java:30)
at org.openqa.selenium.remote.ProtocolHandshake.lambda$createSession$0(ProtocolHandshake.java:126)
at java.util.stream.ReferencePipeline$3$1.accept(Unknown Source)
at java.util.Spliterators$ArraySpliterator.tryAdvance(Unknown Source)
at java.util.stream.ReferencePipeline.forEachWithCancel(Unknown Source)
at java.util.stream.AbstractPipeline.copyIntoWithCancel(Unknown Source)
at java.util.stream.AbstractPipeline.copyInto(Unknown Source)
at java.util.stream.AbstractPipeline.wrapAndCopyInto(Unknown Source)
at java.util.stream.FindOps$FindOp.evaluateSequential(Unknown Source)
at java.util.stream.AbstractPipeline.evaluate(Unknown Source)
at java.util.stream.ReferencePipeline.findFirst(Unknown Source)
at org.openqa.selenium.remote.ProtocolHandshake.createSession(ProtocolHandshake.java:128)
at org.openqa.selenium.remote.ProtocolHandshake.createSession(ProtocolHandshake.java:74)
at org.openqa.selenium.remote.HttpCommandExecutor.execute(HttpCommandExecutor.java:136)
at org.openqa.selenium.remote.service.DriverCommandExecutor.execute(DriverCommandExecutor.java:83)
at org.openqa.selenium.remote.RemoteWebDriver.execute(RemoteWebDriver.java:552)
at org.openqa.selenium.remote.RemoteWebDriver.startSession(RemoteWebDriver.java:213)
at org.openqa.selenium.remote.RemoteWebDriver.<init>(RemoteWebDriver.java:131)
at org.openqa.selenium.chrome.ChromeDriver.<init>(ChromeDriver.java:181)
at org.openqa.selenium.chrome.ChromeDriver.<init>(ChromeDriver.java:168)
at org.openqa.selenium.chrome.ChromeDriver.<init>(ChromeDriver.java:123)
at com.mp.qa.base.mp_base.initialization(mp_base.java:56)
at com.mp.qa.TestCases.HomePageTest.setUp(HomePageTest.java:31)
at sun.reflect.NativeMethodAccessorImpl.invoke0(Native Method)
at sun.reflect.NativeMethodAccessorImpl.invoke(Unknown Source)
at sun.reflect.DelegatingMethodAccessorImpl.invoke(Unknown Source)
at java.lang.reflect.Method.invoke(Unknown Source)
at org.testng.internal.MethodInvocationHelper.invokeMethod(MethodInvocationHelper.java:134)
at org.testng.internal.MethodInvocationHelper.invokeMethodConsideringTimeout(MethodInvocationHelper.java:63)
at org.testng.internal.ConfigInvoker.invokeConfigurationMethod(ConfigInvoker.java:348)
at org.testng.internal.ConfigInvoker.invokeConfigurations(ConfigInvoker.java:302)
at org.testng.internal.TestInvoker.runConfigMethods(TestInvoker.java:695)
at org.testng.internal.TestInvoker.invokeMethod(TestInvoker.java:523)
at org.testng.internal.TestInvoker.invokeTestMethod(TestInvoker.java:173)
at org.testng.internal.MethodRunner.runInSequence(MethodRunner.java:46)
at org.testng.internal.TestInvoker$MethodInvocationAgent.invoke(TestInvoker.java:816)
at org.testng.internal.TestInvoker.invokeTestMethods(TestInvoker.java:146)
at org.testng.internal.TestMethodWorker.invokeTestMethods(TestMethodWorker.java:146)
at org.testng.internal.TestMethodWorker.run(TestMethodWorker.java:128)
at java.util.ArrayList.forEach(Unknown Source)
at org.testng.TestRunner.privateRun(TestRunner.java:766)
at org.testng.TestRunner.run(TestRunner.java:587)
at org.testng.SuiteRunner.runTest(SuiteRunner.java:384)
at org.testng.SuiteRunner.runSequentially(SuiteRunner.java:378)
at org.testng.SuiteRunner.privateRun(SuiteRunner.java:337)
at org.testng.SuiteRunner.run(SuiteRunner.java:286)
at org.testng.SuiteRunnerWorker.runSuite(SuiteRunnerWorker.java:53)
at org.testng.SuiteRunnerWorker.run(SuiteRunnerWorker.java:96)
at org.testng.TestNG.runSuitesSequentially(TestNG.java:1187)
at org.testng.TestNG.runSuitesLocally(TestNG.java:1109)
at org.testng.TestNG.runSuites(TestNG.java:1039)
at org.testng.TestNG.run(TestNG.java:1007)
at org.testng.remote.AbstractRemoteTestNG.run(AbstractRemoteTestNG.java:115)
at org.testng.remote.RemoteTestNG.initAndRun(RemoteTestNG.java:251)
at org.testng.remote.RemoteTestNG.main(RemoteTestNG.java:77)
]]>
            </full-stacktrace>
          </exception> <!-- org.openqa.selenium.SessionNotCreatedException -->
          <reporter-output>
          </reporter-output>
        </test-method> <!-- ProfileIconTest -->
        <test-method status="SKIP" signature="tearDown()[pri:0, instance:com.mp.qa.TestCases.HomePageTest@52feb982]" name="tearDown" is-config="true" duration-ms="-1593686806107" started-at="2020-07-02T16:16:46 IST" finished-at="1970-01-01T05:30:00 IST">
          <reporter-output>
          </reporter-output>
        </test-method> <!-- tearDown -->
        <test-method status="SKIP" signature="setUp()[pri:0, instance:com.mp.qa.TestCases.HomePageTest@52feb982]" name="setUp" is-config="true" duration-ms="-1593686806119" started-at="2020-07-02T16:16:46 IST" finished-at="1970-01-01T05:30:00 IST">
          <reporter-output>
          </reporter-output>
        </test-method> <!-- setUp -->
        <test-method status="SKIP" signature="SearchTest()[pri:0, instance:com.mp.qa.TestCases.HomePageTest@52feb982]" name="SearchTest" duration-ms="0" started-at="2020-07-02T16:16:46 IST" finished-at="2020-07-02T16:16:46 IST">
          <exception class="org.openqa.selenium.SessionNotCreatedException">
            <message>
              <![CDATA[session not created: This version of ChromeDriver only supports Chrome version 80
Build info: version: '3.141.59', revision: 'e82be7d358', time: '2018-11-14T08:25:48'
System info: host: 'XDSFC2419', ip: '10.121.70.30', os.name: 'Windows 10', os.arch: 'amd64', os.version: '10.0', java.version: '1.8.0_171'
Driver info: driver.version: ChromeDriver
remote stacktrace: Backtrace:
Ordinal0 [0x00E50AE3+1706723]
Ordinal0 [0x00DB68C1+1075393]
Ordinal0 [0x00D2DFA9+516009]
Ordinal0 [0x00CC0554+66900]
Ordinal0 [0x00CBCCE2+52450]
Ordinal0 [0x00CDBFD7+180183]
Ordinal0 [0x00CDBDDD+179677]
Ordinal0 [0x00CD9D4B+171339]
Ordinal0 [0x00CC1D4A+73034]
Ordinal0 [0x00CC2DC0+77248]
Ordinal0 [0x00CC2D59+77145]
Ordinal0 [0x00DCBB37+1162039]
GetHandleVerifier [0x00EEA7C6+508998]
GetHandleVerifier [0x00EEA504+508292]
GetHandleVerifier [0x00EFF617+594583]
GetHandleVerifier [0x00EEB036+511158]
Ordinal0 [0x00DC3FFC+1130492]
Ordinal0 [0x00DCD49B+1168539]
Ordinal0 [0x00DCD603+1168899]
Ordinal0 [0x00DE5B05+1268485]
BaseThreadInitThunk [0x746F8674+36]
RtlGetAppContainerNamedObjectPath [0x77675EC7+311]
RtlGetAppContainerNamedObjectPath [0x77675E97+263]
]]>
            </message>
            <full-stacktrace>
              <![CDATA[org.openqa.selenium.SessionNotCreatedException: session not created: This version of ChromeDriver only supports Chrome version 80
Build info: version: '3.141.59', revision: 'e82be7d358', time: '2018-11-14T08:25:48'
System info: host: 'XDSFC2419', ip: '10.121.70.30', os.name: 'Windows 10', os.arch: 'amd64', os.version: '10.0', java.version: '1.8.0_171'
Driver info: driver.version: ChromeDriver
remote stacktrace: Backtrace:
Ordinal0 [0x00E50AE3+1706723]
Ordinal0 [0x00DB68C1+1075393]
Ordinal0 [0x00D2DFA9+516009]
Ordinal0 [0x00CC0554+66900]
Ordinal0 [0x00CBCCE2+52450]
Ordinal0 [0x00CDBFD7+180183]
Ordinal0 [0x00CDBDDD+179677]
Ordinal0 [0x00CD9D4B+171339]
Ordinal0 [0x00CC1D4A+73034]
Ordinal0 [0x00CC2DC0+77248]
Ordinal0 [0x00CC2D59+77145]
Ordinal0 [0x00DCBB37+1162039]
GetHandleVerifier [0x00EEA7C6+508998]
GetHandleVerifier [0x00EEA504+508292]
GetHandleVerifier [0x00EFF617+594583]
GetHandleVerifier [0x00EEB036+511158]
Ordinal0 [0x00DC3FFC+1130492]
Ordinal0 [0x00DCD49B+1168539]
Ordinal0 [0x00DCD603+1168899]
Ordinal0 [0x00DE5B05+1268485]
BaseThreadInitThunk [0x746F8674+36]
RtlGetAppContainerNamedObjectPath [0x77675EC7+311]
RtlGetAppContainerNamedObjectPath [0x77675E97+263]

at sun.reflect.NativeConstructorAccessorImpl.newInstance0(Native Method)
at sun.reflect.NativeConstructorAccessorImpl.newInstance(Unknown Source)
at sun.reflect.DelegatingConstructorAccessorImpl.newInstance(Unknown Source)
at java.lang.reflect.Constructor.newInstance(Unknown Source)
at org.openqa.selenium.remote.W3CHandshakeResponse.lambda$errorHandler$0(W3CHandshakeResponse.java:62)
at org.openqa.selenium.remote.HandshakeResponse.lambda$getResponseFunction$0(HandshakeResponse.java:30)
at org.openqa.selenium.remote.ProtocolHandshake.lambda$createSession$0(ProtocolHandshake.java:126)
at java.util.stream.ReferencePipeline$3$1.accept(Unknown Source)
at java.util.Spliterators$ArraySpliterator.tryAdvance(Unknown Source)
at java.util.stream.ReferencePipeline.forEachWithCancel(Unknown Source)
at java.util.stream.AbstractPipeline.copyIntoWithCancel(Unknown Source)
at java.util.stream.AbstractPipeline.copyInto(Unknown Source)
at java.util.stream.AbstractPipeline.wrapAndCopyInto(Unknown Source)
at java.util.stream.FindOps$FindOp.evaluateSequential(Unknown Source)
at java.util.stream.AbstractPipeline.evaluate(Unknown Source)
at java.util.stream.ReferencePipeline.findFirst(Unknown Source)
at org.openqa.selenium.remote.ProtocolHandshake.createSession(ProtocolHandshake.java:128)
at org.openqa.selenium.remote.ProtocolHandshake.createSession(ProtocolHandshake.java:74)
at org.openqa.selenium.remote.HttpCommandExecutor.execute(HttpCommandExecutor.java:136)
at org.openqa.selenium.remote.service.DriverCommandExecutor.execute(DriverCommandExecutor.java:83)
at org.openqa.selenium.remote.RemoteWebDriver.execute(RemoteWebDriver.java:552)
at org.openqa.selenium.remote.RemoteWebDriver.startSession(RemoteWebDriver.java:213)
at org.openqa.selenium.remote.RemoteWebDriver.<init>(RemoteWebDriver.java:131)
at org.openqa.selenium.chrome.ChromeDriver.<init>(ChromeDriver.java:181)
at org.openqa.selenium.chrome.ChromeDriver.<init>(ChromeDriver.java:168)
at org.openqa.selenium.chrome.ChromeDriver.<init>(ChromeDriver.java:123)
at com.mp.qa.base.mp_base.initialization(mp_base.java:56)
at com.mp.qa.TestCases.HomePageTest.setUp(HomePageTest.java:31)
at sun.reflect.NativeMethodAccessorImpl.invoke0(Native Method)
at sun.reflect.NativeMethodAccessorImpl.invoke(Unknown Source)
at sun.reflect.DelegatingMethodAccessorImpl.invoke(Unknown Source)
at java.lang.reflect.Method.invoke(Unknown Source)
at org.testng.internal.MethodInvocationHelper.invokeMethod(MethodInvocationHelper.java:134)
at org.testng.internal.MethodInvocationHelper.invokeMethodConsideringTimeout(MethodInvocationHelper.java:63)
at org.testng.internal.ConfigInvoker.invokeConfigurationMethod(ConfigInvoker.java:348)
at org.testng.internal.ConfigInvoker.invokeConfigurations(ConfigInvoker.java:302)
at org.testng.internal.TestInvoker.runConfigMethods(TestInvoker.java:695)
at org.testng.internal.TestInvoker.invokeMethod(TestInvoker.java:523)
at org.testng.internal.TestInvoker.invokeTestMethod(TestInvoker.java:173)
at org.testng.internal.MethodRunner.runInSequence(MethodRunner.java:46)
at org.testng.internal.TestInvoker$MethodInvocationAgent.invoke(TestInvoker.java:816)
at org.testng.internal.TestInvoker.invokeTestMethods(TestInvoker.java:146)
at org.testng.internal.TestMethodWorker.invokeTestMethods(TestMethodWorker.java:146)
at org.testng.internal.TestMethodWorker.run(TestMethodWorker.java:128)
at java.util.ArrayList.forEach(Unknown Source)
at org.testng.TestRunner.privateRun(TestRunner.java:766)
at org.testng.TestRunner.run(TestRunner.java:587)
at org.testng.SuiteRunner.runTest(SuiteRunner.java:384)
at org.testng.SuiteRunner.runSequentially(SuiteRunner.java:378)
at org.testng.SuiteRunner.privateRun(SuiteRunner.java:337)
at org.testng.SuiteRunner.run(SuiteRunner.java:286)
at org.testng.SuiteRunnerWorker.runSuite(SuiteRunnerWorker.java:53)
at org.testng.SuiteRunnerWorker.run(SuiteRunnerWorker.java:96)
at org.testng.TestNG.runSuitesSequentially(TestNG.java:1187)
at org.testng.TestNG.runSuitesLocally(TestNG.java:1109)
at org.testng.TestNG.runSuites(TestNG.java:1039)
at org.testng.TestNG.run(TestNG.java:1007)
at org.testng.remote.AbstractRemoteTestNG.run(AbstractRemoteTestNG.java:115)
at org.testng.remote.RemoteTestNG.initAndRun(RemoteTestNG.java:251)
at org.testng.remote.RemoteTestNG.main(RemoteTestNG.java:77)
]]>
            </full-stacktrace>
          </exception> <!-- org.openqa.selenium.SessionNotCreatedException -->
          <reporter-output>
          </reporter-output>
        </test-method> <!-- SearchTest -->
        <test-method status="SKIP" signature="tearDown()[pri:0, instance:com.mp.qa.TestCases.HomePageTest@52feb982]" name="tearDown" is-config="true" duration-ms="-1593686806182" started-at="2020-07-02T16:16:46 IST" finished-at="1970-01-01T05:30:00 IST">
          <reporter-output>
          </reporter-output>
        </test-method> <!-- tearDown -->
      </class> <!-- com.mp.qa.TestCases.HomePageTest -->
      <class name="com.mp.qa.TestCases.ActionAlertsTest">
        <test-method status="FAIL" signature="SetUp()[pri:0, instance:com.mp.qa.TestCases.ActionAlertsTest@7a765367]" name="SetUp" is-config="true" duration-ms="6166" started-at="2020-07-02T16:16:46 IST" finished-at="2020-07-02T16:16:52 IST">
          <exception class="org.openqa.selenium.SessionNotCreatedException">
            <message>
              <![CDATA[session not created: This version of ChromeDriver only supports Chrome version 80
Build info: version: '3.141.59', revision: 'e82be7d358', time: '2018-11-14T08:25:48'
System info: host: 'XDSFC2419', ip: '10.121.70.30', os.name: 'Windows 10', os.arch: 'amd64', os.version: '10.0', java.version: '1.8.0_171'
Driver info: driver.version: ChromeDriver
remote stacktrace: Backtrace:
Ordinal0 [0x00E50AE3+1706723]
Ordinal0 [0x00DB68C1+1075393]
Ordinal0 [0x00D2DFA9+516009]
Ordinal0 [0x00CC0554+66900]
Ordinal0 [0x00CBCCE2+52450]
Ordinal0 [0x00CDBFD7+180183]
Ordinal0 [0x00CDBDDD+179677]
Ordinal0 [0x00CD9D4B+171339]
Ordinal0 [0x00CC1D4A+73034]
Ordinal0 [0x00CC2DC0+77248]
Ordinal0 [0x00CC2D59+77145]
Ordinal0 [0x00DCBB37+1162039]
GetHandleVerifier [0x00EEA7C6+508998]
GetHandleVerifier [0x00EEA504+508292]
GetHandleVerifier [0x00EFF617+594583]
GetHandleVerifier [0x00EEB036+511158]
Ordinal0 [0x00DC3FFC+1130492]
Ordinal0 [0x00DCD49B+1168539]
Ordinal0 [0x00DCD603+1168899]
Ordinal0 [0x00DE5B05+1268485]
BaseThreadInitThunk [0x746F8674+36]
RtlGetAppContainerNamedObjectPath [0x77675EC7+311]
RtlGetAppContainerNamedObjectPath [0x77675E97+263]
]]>
            </message>
            <full-stacktrace>
              <![CDATA[org.openqa.selenium.SessionNotCreatedException: session not created: This version of ChromeDriver only supports Chrome version 80
Build info: version: '3.141.59', revision: 'e82be7d358', time: '2018-11-14T08:25:48'
System info: host: 'XDSFC2419', ip: '10.121.70.30', os.name: 'Windows 10', os.arch: 'amd64', os.version: '10.0', java.version: '1.8.0_171'
Driver info: driver.version: ChromeDriver
remote stacktrace: Backtrace:
Ordinal0 [0x00E50AE3+1706723]
Ordinal0 [0x00DB68C1+1075393]
Ordinal0 [0x00D2DFA9+516009]
Ordinal0 [0x00CC0554+66900]
Ordinal0 [0x00CBCCE2+52450]
Ordinal0 [0x00CDBFD7+180183]
Ordinal0 [0x00CDBDDD+179677]
Ordinal0 [0x00CD9D4B+171339]
Ordinal0 [0x00CC1D4A+73034]
Ordinal0 [0x00CC2DC0+77248]
Ordinal0 [0x00CC2D59+77145]
Ordinal0 [0x00DCBB37+1162039]
GetHandleVerifier [0x00EEA7C6+508998]
GetHandleVerifier [0x00EEA504+508292]
GetHandleVerifier [0x00EFF617+594583]
GetHandleVerifier [0x00EEB036+511158]
Ordinal0 [0x00DC3FFC+1130492]
Ordinal0 [0x00DCD49B+1168539]
Ordinal0 [0x00DCD603+1168899]
Ordinal0 [0x00DE5B05+1268485]
BaseThreadInitThunk [0x746F8674+36]
RtlGetAppContainerNamedObjectPath [0x77675EC7+311]
RtlGetAppContainerNamedObjectPath [0x77675E97+263]

at sun.reflect.NativeConstructorAccessorImpl.newInstance0(Native Method)
at sun.reflect.NativeConstructorAccessorImpl.newInstance(Unknown Source)
at sun.reflect.DelegatingConstructorAccessorImpl.newInstance(Unknown Source)
at java.lang.reflect.Constructor.newInstance(Unknown Source)
at org.openqa.selenium.remote.W3CHandshakeResponse.lambda$errorHandler$0(W3CHandshakeResponse.java:62)
at org.openqa.selenium.remote.HandshakeResponse.lambda$getResponseFunction$0(HandshakeResponse.java:30)
at org.openqa.selenium.remote.ProtocolHandshake.lambda$createSession$0(ProtocolHandshake.java:126)
at java.util.stream.ReferencePipeline$3$1.accept(Unknown Source)
at java.util.Spliterators$ArraySpliterator.tryAdvance(Unknown Source)
at java.util.stream.ReferencePipeline.forEachWithCancel(Unknown Source)
at java.util.stream.AbstractPipeline.copyIntoWithCancel(Unknown Source)
at java.util.stream.AbstractPipeline.copyInto(Unknown Source)
at java.util.stream.AbstractPipeline.wrapAndCopyInto(Unknown Source)
at java.util.stream.FindOps$FindOp.evaluateSequential(Unknown Source)
at java.util.stream.AbstractPipeline.evaluate(Unknown Source)
at java.util.stream.ReferencePipeline.findFirst(Unknown Source)
at org.openqa.selenium.remote.ProtocolHandshake.createSession(ProtocolHandshake.java:128)
at org.openqa.selenium.remote.ProtocolHandshake.createSession(ProtocolHandshake.java:74)
at org.openqa.selenium.remote.HttpCommandExecutor.execute(HttpCommandExecutor.java:136)
at org.openqa.selenium.remote.service.DriverCommandExecutor.execute(DriverCommandExecutor.java:83)
at org.openqa.selenium.remote.RemoteWebDriver.execute(RemoteWebDriver.java:552)
at org.openqa.selenium.remote.RemoteWebDriver.startSession(RemoteWebDriver.java:213)
at org.openqa.selenium.remote.RemoteWebDriver.<init>(RemoteWebDriver.java:131)
at org.openqa.selenium.chrome.ChromeDriver.<init>(ChromeDriver.java:181)
at org.openqa.selenium.chrome.ChromeDriver.<init>(ChromeDriver.java:168)
at org.openqa.selenium.chrome.ChromeDriver.<init>(ChromeDriver.java:123)
at com.mp.qa.base.mp_base.initialization(mp_base.java:56)
at com.mp.qa.TestCases.ActionAlertsTest.SetUp(ActionAlertsTest.java:20)
at sun.reflect.NativeMethodAccessorImpl.invoke0(Native Method)
at sun.reflect.NativeMethodAccessorImpl.invoke(Unknown Source)
at sun.reflect.DelegatingMethodAccessorImpl.invoke(Unknown Source)
at java.lang.reflect.Method.invoke(Unknown Source)
at org.testng.internal.MethodInvocationHelper.invokeMethod(MethodInvocationHelper.java:134)
at org.testng.internal.MethodInvocationHelper.invokeMethodConsideringTimeout(MethodInvocationHelper.java:63)
at org.testng.internal.ConfigInvoker.invokeConfigurationMethod(ConfigInvoker.java:348)
at org.testng.internal.ConfigInvoker.invokeConfigurations(ConfigInvoker.java:302)
at org.testng.internal.TestInvoker.runConfigMethods(TestInvoker.java:695)
at org.testng.internal.TestInvoker.invokeMethod(TestInvoker.java:523)
at org.testng.internal.TestInvoker.invokeTestMethod(TestInvoker.java:173)
at org.testng.internal.MethodRunner.runInSequence(MethodRunner.java:46)
at org.testng.internal.TestInvoker$MethodInvocationAgent.invoke(TestInvoker.java:816)
at org.testng.internal.TestInvoker.invokeTestMethods(TestInvoker.java:146)
at org.testng.internal.TestMethodWorker.invokeTestMethods(TestMethodWorker.java:146)
at org.testng.internal.TestMethodWorker.run(TestMethodWorker.java:128)
at java.util.ArrayList.forEach(Unknown Source)
at org.testng.TestRunner.privateRun(TestRunner.java:766)
at org.testng.TestRunner.run(TestRunner.java:587)
at org.testng.SuiteRunner.runTest(SuiteRunner.java:384)
at org.testng.SuiteRunner.runSequentially(SuiteRunner.java:378)
at org.testng.SuiteRunner.privateRun(SuiteRunner.java:337)
at org.testng.SuiteRunner.run(SuiteRunner.java:286)
at org.testng.SuiteRunnerWorker.runSuite(SuiteRunnerWorker.java:53)
at org.testng.SuiteRunnerWorker.run(SuiteRunnerWorker.java:96)
at org.testng.TestNG.runSuitesSequentially(TestNG.java:1187)
at org.testng.TestNG.runSuitesLocally(TestNG.java:1109)
at org.testng.TestNG.runSuites(TestNG.java:1039)
at org.testng.TestNG.run(TestNG.java:1007)
at org.testng.remote.AbstractRemoteTestNG.run(AbstractRemoteTestNG.java:115)
at org.testng.remote.RemoteTestNG.initAndRun(RemoteTestNG.java:251)
at org.testng.remote.RemoteTestNG.main(RemoteTestNG.java:77)
]]>
            </full-stacktrace>
          </exception> <!-- org.openqa.selenium.SessionNotCreatedException -->
          <reporter-output>
          </reporter-output>
        </test-method> <!-- SetUp -->
        <test-method status="SKIP" signature="DownloadPdfTest()[pri:0, instance:com.mp.qa.TestCases.ActionAlertsTest@7a765367]" name="DownloadPdfTest" duration-ms="0" started-at="2020-07-02T16:16:52 IST" finished-at="2020-07-02T16:16:52 IST">
          <exception class="org.openqa.selenium.SessionNotCreatedException">
            <message>
              <![CDATA[session not created: This version of ChromeDriver only supports Chrome version 80
Build info: version: '3.141.59', revision: 'e82be7d358', time: '2018-11-14T08:25:48'
System info: host: 'XDSFC2419', ip: '10.121.70.30', os.name: 'Windows 10', os.arch: 'amd64', os.version: '10.0', java.version: '1.8.0_171'
Driver info: driver.version: ChromeDriver
remote stacktrace: Backtrace:
Ordinal0 [0x00E50AE3+1706723]
Ordinal0 [0x00DB68C1+1075393]
Ordinal0 [0x00D2DFA9+516009]
Ordinal0 [0x00CC0554+66900]
Ordinal0 [0x00CBCCE2+52450]
Ordinal0 [0x00CDBFD7+180183]
Ordinal0 [0x00CDBDDD+179677]
Ordinal0 [0x00CD9D4B+171339]
Ordinal0 [0x00CC1D4A+73034]
Ordinal0 [0x00CC2DC0+77248]
Ordinal0 [0x00CC2D59+77145]
Ordinal0 [0x00DCBB37+1162039]
GetHandleVerifier [0x00EEA7C6+508998]
GetHandleVerifier [0x00EEA504+508292]
GetHandleVerifier [0x00EFF617+594583]
GetHandleVerifier [0x00EEB036+511158]
Ordinal0 [0x00DC3FFC+1130492]
Ordinal0 [0x00DCD49B+1168539]
Ordinal0 [0x00DCD603+1168899]
Ordinal0 [0x00DE5B05+1268485]
BaseThreadInitThunk [0x746F8674+36]
RtlGetAppContainerNamedObjectPath [0x77675EC7+311]
RtlGetAppContainerNamedObjectPath [0x77675E97+263]
]]>
            </message>
            <full-stacktrace>
              <![CDATA[org.openqa.selenium.SessionNotCreatedException: session not created: This version of ChromeDriver only supports Chrome version 80
Build info: version: '3.141.59', revision: 'e82be7d358', time: '2018-11-14T08:25:48'
System info: host: 'XDSFC2419', ip: '10.121.70.30', os.name: 'Windows 10', os.arch: 'amd64', os.version: '10.0', java.version: '1.8.0_171'
Driver info: driver.version: ChromeDriver
remote stacktrace: Backtrace:
Ordinal0 [0x00E50AE3+1706723]
Ordinal0 [0x00DB68C1+1075393]
Ordinal0 [0x00D2DFA9+516009]
Ordinal0 [0x00CC0554+66900]
Ordinal0 [0x00CBCCE2+52450]
Ordinal0 [0x00CDBFD7+180183]
Ordinal0 [0x00CDBDDD+179677]
Ordinal0 [0x00CD9D4B+171339]
Ordinal0 [0x00CC1D4A+73034]
Ordinal0 [0x00CC2DC0+77248]
Ordinal0 [0x00CC2D59+77145]
Ordinal0 [0x00DCBB37+1162039]
GetHandleVerifier [0x00EEA7C6+508998]
GetHandleVerifier [0x00EEA504+508292]
GetHandleVerifier [0x00EFF617+594583]
GetHandleVerifier [0x00EEB036+511158]
Ordinal0 [0x00DC3FFC+1130492]
Ordinal0 [0x00DCD49B+1168539]
Ordinal0 [0x00DCD603+1168899]
Ordinal0 [0x00DE5B05+1268485]
BaseThreadInitThunk [0x746F8674+36]
RtlGetAppContainerNamedObjectPath [0x77675EC7+311]
RtlGetAppContainerNamedObjectPath [0x77675E97+263]

at sun.reflect.NativeConstructorAccessorImpl.newInstance0(Native Method)
at sun.reflect.NativeConstructorAccessorImpl.newInstance(Unknown Source)
at sun.reflect.DelegatingConstructorAccessorImpl.newInstance(Unknown Source)
at java.lang.reflect.Constructor.newInstance(Unknown Source)
at org.openqa.selenium.remote.W3CHandshakeResponse.lambda$errorHandler$0(W3CHandshakeResponse.java:62)
at org.openqa.selenium.remote.HandshakeResponse.lambda$getResponseFunction$0(HandshakeResponse.java:30)
at org.openqa.selenium.remote.ProtocolHandshake.lambda$createSession$0(ProtocolHandshake.java:126)
at java.util.stream.ReferencePipeline$3$1.accept(Unknown Source)
at java.util.Spliterators$ArraySpliterator.tryAdvance(Unknown Source)
at java.util.stream.ReferencePipeline.forEachWithCancel(Unknown Source)
at java.util.stream.AbstractPipeline.copyIntoWithCancel(Unknown Source)
at java.util.stream.AbstractPipeline.copyInto(Unknown Source)
at java.util.stream.AbstractPipeline.wrapAndCopyInto(Unknown Source)
at java.util.stream.FindOps$FindOp.evaluateSequential(Unknown Source)
at java.util.stream.AbstractPipeline.evaluate(Unknown Source)
at java.util.stream.ReferencePipeline.findFirst(Unknown Source)
at org.openqa.selenium.remote.ProtocolHandshake.createSession(ProtocolHandshake.java:128)
at org.openqa.selenium.remote.ProtocolHandshake.createSession(ProtocolHandshake.java:74)
at org.openqa.selenium.remote.HttpCommandExecutor.execute(HttpCommandExecutor.java:136)
at org.openqa.selenium.remote.service.DriverCommandExecutor.execute(DriverCommandExecutor.java:83)
at org.openqa.selenium.remote.RemoteWebDriver.execute(RemoteWebDriver.java:552)
at org.openqa.selenium.remote.RemoteWebDriver.startSession(RemoteWebDriver.java:213)
at org.openqa.selenium.remote.RemoteWebDriver.<init>(RemoteWebDriver.java:131)
at org.openqa.selenium.chrome.ChromeDriver.<init>(ChromeDriver.java:181)
at org.openqa.selenium.chrome.ChromeDriver.<init>(ChromeDriver.java:168)
at org.openqa.selenium.chrome.ChromeDriver.<init>(ChromeDriver.java:123)
at com.mp.qa.base.mp_base.initialization(mp_base.java:56)
at com.mp.qa.TestCases.ActionAlertsTest.SetUp(ActionAlertsTest.java:20)
at sun.reflect.NativeMethodAccessorImpl.invoke0(Native Method)
at sun.reflect.NativeMethodAccessorImpl.invoke(Unknown Source)
at sun.reflect.DelegatingMethodAccessorImpl.invoke(Unknown Source)
at java.lang.reflect.Method.invoke(Unknown Source)
at org.testng.internal.MethodInvocationHelper.invokeMethod(MethodInvocationHelper.java:134)
at org.testng.internal.MethodInvocationHelper.invokeMethodConsideringTimeout(MethodInvocationHelper.java:63)
at org.testng.internal.ConfigInvoker.invokeConfigurationMethod(ConfigInvoker.java:348)
at org.testng.internal.ConfigInvoker.invokeConfigurations(ConfigInvoker.java:302)
at org.testng.internal.TestInvoker.runConfigMethods(TestInvoker.java:695)
at org.testng.internal.TestInvoker.invokeMethod(TestInvoker.java:523)
at org.testng.internal.TestInvoker.invokeTestMethod(TestInvoker.java:173)
at org.testng.internal.MethodRunner.runInSequence(MethodRunner.java:46)
at org.testng.internal.TestInvoker$MethodInvocationAgent.invoke(TestInvoker.java:816)
at org.testng.internal.TestInvoker.invokeTestMethods(TestInvoker.java:146)
at org.testng.internal.TestMethodWorker.invokeTestMethods(TestMethodWorker.java:146)
at org.testng.internal.TestMethodWorker.run(TestMethodWorker.java:128)
at java.util.ArrayList.forEach(Unknown Source)
at org.testng.TestRunner.privateRun(TestRunner.java:766)
at org.testng.TestRunner.run(TestRunner.java:587)
at org.testng.SuiteRunner.runTest(SuiteRunner.java:384)
at org.testng.SuiteRunner.runSequentially(SuiteRunner.java:378)
at org.testng.SuiteRunner.privateRun(SuiteRunner.java:337)
at org.testng.SuiteRunner.run(SuiteRunner.java:286)
at org.testng.SuiteRunnerWorker.runSuite(SuiteRunnerWorker.java:53)
at org.testng.SuiteRunnerWorker.run(SuiteRunnerWorker.java:96)
at org.testng.TestNG.runSuitesSequentially(TestNG.java:1187)
at org.testng.TestNG.runSuitesLocally(TestNG.java:1109)
at org.testng.TestNG.runSuites(TestNG.java:1039)
at org.testng.TestNG.run(TestNG.java:1007)
at org.testng.remote.AbstractRemoteTestNG.run(AbstractRemoteTestNG.java:115)
at org.testng.remote.RemoteTestNG.initAndRun(RemoteTestNG.java:251)
at org.testng.remote.RemoteTestNG.main(RemoteTestNG.java:77)
]]>
            </full-stacktrace>
          </exception> <!-- org.openqa.selenium.SessionNotCreatedException -->
          <reporter-output>
          </reporter-output>
        </test-method> <!-- DownloadPdfTest -->
        <test-method status="SKIP" signature="tearDown()[pri:0, instance:com.mp.qa.TestCases.ActionAlertsTest@7a765367]" name="tearDown" is-config="true" duration-ms="-1593686812451" started-at="2020-07-02T16:16:52 IST" finished-at="1970-01-01T05:30:00 IST">
          <reporter-output>
          </reporter-output>
        </test-method> <!-- tearDown -->
        <test-method status="SKIP" signature="SetUp()[pri:0, instance:com.mp.qa.TestCases.ActionAlertsTest@7a765367]" name="SetUp" is-config="true" duration-ms="-1593686812465" started-at="2020-07-02T16:16:52 IST" finished-at="1970-01-01T05:30:00 IST">
          <reporter-output>
          </reporter-output>
        </test-method> <!-- SetUp -->
        <test-method status="SKIP" signature="GoToNews()[pri:0, instance:com.mp.qa.TestCases.ActionAlertsTest@7a765367]" name="GoToNews" duration-ms="0" started-at="2020-07-02T16:16:52 IST" finished-at="2020-07-02T16:16:52 IST">
          <exception class="org.openqa.selenium.SessionNotCreatedException">
            <message>
              <![CDATA[session not created: This version of ChromeDriver only supports Chrome version 80
Build info: version: '3.141.59', revision: 'e82be7d358', time: '2018-11-14T08:25:48'
System info: host: 'XDSFC2419', ip: '10.121.70.30', os.name: 'Windows 10', os.arch: 'amd64', os.version: '10.0', java.version: '1.8.0_171'
Driver info: driver.version: ChromeDriver
remote stacktrace: Backtrace:
Ordinal0 [0x00E50AE3+1706723]
Ordinal0 [0x00DB68C1+1075393]
Ordinal0 [0x00D2DFA9+516009]
Ordinal0 [0x00CC0554+66900]
Ordinal0 [0x00CBCCE2+52450]
Ordinal0 [0x00CDBFD7+180183]
Ordinal0 [0x00CDBDDD+179677]
Ordinal0 [0x00CD9D4B+171339]
Ordinal0 [0x00CC1D4A+73034]
Ordinal0 [0x00CC2DC0+77248]
Ordinal0 [0x00CC2D59+77145]
Ordinal0 [0x00DCBB37+1162039]
GetHandleVerifier [0x00EEA7C6+508998]
GetHandleVerifier [0x00EEA504+508292]
GetHandleVerifier [0x00EFF617+594583]
GetHandleVerifier [0x00EEB036+511158]
Ordinal0 [0x00DC3FFC+1130492]
Ordinal0 [0x00DCD49B+1168539]
Ordinal0 [0x00DCD603+1168899]
Ordinal0 [0x00DE5B05+1268485]
BaseThreadInitThunk [0x746F8674+36]
RtlGetAppContainerNamedObjectPath [0x77675EC7+311]
RtlGetAppContainerNamedObjectPath [0x77675E97+263]
]]>
            </message>
            <full-stacktrace>
              <![CDATA[org.openqa.selenium.SessionNotCreatedException: session not created: This version of ChromeDriver only supports Chrome version 80
Build info: version: '3.141.59', revision: 'e82be7d358', time: '2018-11-14T08:25:48'
System info: host: 'XDSFC2419', ip: '10.121.70.30', os.name: 'Windows 10', os.arch: 'amd64', os.version: '10.0', java.version: '1.8.0_171'
Driver info: driver.version: ChromeDriver
remote stacktrace: Backtrace:
Ordinal0 [0x00E50AE3+1706723]
Ordinal0 [0x00DB68C1+1075393]
Ordinal0 [0x00D2DFA9+516009]
Ordinal0 [0x00CC0554+66900]
Ordinal0 [0x00CBCCE2+52450]
Ordinal0 [0x00CDBFD7+180183]
Ordinal0 [0x00CDBDDD+179677]
Ordinal0 [0x00CD9D4B+171339]
Ordinal0 [0x00CC1D4A+73034]
Ordinal0 [0x00CC2DC0+77248]
Ordinal0 [0x00CC2D59+77145]
Ordinal0 [0x00DCBB37+1162039]
GetHandleVerifier [0x00EEA7C6+508998]
GetHandleVerifier [0x00EEA504+508292]
GetHandleVerifier [0x00EFF617+594583]
GetHandleVerifier [0x00EEB036+511158]
Ordinal0 [0x00DC3FFC+1130492]
Ordinal0 [0x00DCD49B+1168539]
Ordinal0 [0x00DCD603+1168899]
Ordinal0 [0x00DE5B05+1268485]
BaseThreadInitThunk [0x746F8674+36]
RtlGetAppContainerNamedObjectPath [0x77675EC7+311]
RtlGetAppContainerNamedObjectPath [0x77675E97+263]

at sun.reflect.NativeConstructorAccessorImpl.newInstance0(Native Method)
at sun.reflect.NativeConstructorAccessorImpl.newInstance(Unknown Source)
at sun.reflect.DelegatingConstructorAccessorImpl.newInstance(Unknown Source)
at java.lang.reflect.Constructor.newInstance(Unknown Source)
at org.openqa.selenium.remote.W3CHandshakeResponse.lambda$errorHandler$0(W3CHandshakeResponse.java:62)
at org.openqa.selenium.remote.HandshakeResponse.lambda$getResponseFunction$0(HandshakeResponse.java:30)
at org.openqa.selenium.remote.ProtocolHandshake.lambda$createSession$0(ProtocolHandshake.java:126)
at java.util.stream.ReferencePipeline$3$1.accept(Unknown Source)
at java.util.Spliterators$ArraySpliterator.tryAdvance(Unknown Source)
at java.util.stream.ReferencePipeline.forEachWithCancel(Unknown Source)
at java.util.stream.AbstractPipeline.copyIntoWithCancel(Unknown Source)
at java.util.stream.AbstractPipeline.copyInto(Unknown Source)
at java.util.stream.AbstractPipeline.wrapAndCopyInto(Unknown Source)
at java.util.stream.FindOps$FindOp.evaluateSequential(Unknown Source)
at java.util.stream.AbstractPipeline.evaluate(Unknown Source)
at java.util.stream.ReferencePipeline.findFirst(Unknown Source)
at org.openqa.selenium.remote.ProtocolHandshake.createSession(ProtocolHandshake.java:128)
at org.openqa.selenium.remote.ProtocolHandshake.createSession(ProtocolHandshake.java:74)
at org.openqa.selenium.remote.HttpCommandExecutor.execute(HttpCommandExecutor.java:136)
at org.openqa.selenium.remote.service.DriverCommandExecutor.execute(DriverCommandExecutor.java:83)
at org.openqa.selenium.remote.RemoteWebDriver.execute(RemoteWebDriver.java:552)
at org.openqa.selenium.remote.RemoteWebDriver.startSession(RemoteWebDriver.java:213)
at org.openqa.selenium.remote.RemoteWebDriver.<init>(RemoteWebDriver.java:131)
at org.openqa.selenium.chrome.ChromeDriver.<init>(ChromeDriver.java:181)
at org.openqa.selenium.chrome.ChromeDriver.<init>(ChromeDriver.java:168)
at org.openqa.selenium.chrome.ChromeDriver.<init>(ChromeDriver.java:123)
at com.mp.qa.base.mp_base.initialization(mp_base.java:56)
at com.mp.qa.TestCases.ActionAlertsTest.SetUp(ActionAlertsTest.java:20)
at sun.reflect.NativeMethodAccessorImpl.invoke0(Native Method)
at sun.reflect.NativeMethodAccessorImpl.invoke(Unknown Source)
at sun.reflect.DelegatingMethodAccessorImpl.invoke(Unknown Source)
at java.lang.reflect.Method.invoke(Unknown Source)
at org.testng.internal.MethodInvocationHelper.invokeMethod(MethodInvocationHelper.java:134)
at org.testng.internal.MethodInvocationHelper.invokeMethodConsideringTimeout(MethodInvocationHelper.java:63)
at org.testng.internal.ConfigInvoker.invokeConfigurationMethod(ConfigInvoker.java:348)
at org.testng.internal.ConfigInvoker.invokeConfigurations(ConfigInvoker.java:302)
at org.testng.internal.TestInvoker.runConfigMethods(TestInvoker.java:695)
at org.testng.internal.TestInvoker.invokeMethod(TestInvoker.java:523)
at org.testng.internal.TestInvoker.invokeTestMethod(TestInvoker.java:173)
at org.testng.internal.MethodRunner.runInSequence(MethodRunner.java:46)
at org.testng.internal.TestInvoker$MethodInvocationAgent.invoke(TestInvoker.java:816)
at org.testng.internal.TestInvoker.invokeTestMethods(TestInvoker.java:146)
at org.testng.internal.TestMethodWorker.invokeTestMethods(TestMethodWorker.java:146)
at org.testng.internal.TestMethodWorker.run(TestMethodWorker.java:128)
at java.util.ArrayList.forEach(Unknown Source)
at org.testng.TestRunner.privateRun(TestRunner.java:766)
at org.testng.TestRunner.run(TestRunner.java:587)
at org.testng.SuiteRunner.runTest(SuiteRunner.java:384)
at org.testng.SuiteRunner.runSequentially(SuiteRunner.java:378)
at org.testng.SuiteRunner.privateRun(SuiteRunner.java:337)
at org.testng.SuiteRunner.run(SuiteRunner.java:286)
at org.testng.SuiteRunnerWorker.runSuite(SuiteRunnerWorker.java:53)
at org.testng.SuiteRunnerWorker.run(SuiteRunnerWorker.java:96)
at org.testng.TestNG.runSuitesSequentially(TestNG.java:1187)
at org.testng.TestNG.runSuitesLocally(TestNG.java:1109)
at org.testng.TestNG.runSuites(TestNG.java:1039)
at org.testng.TestNG.run(TestNG.java:1007)
at org.testng.remote.AbstractRemoteTestNG.run(AbstractRemoteTestNG.java:115)
at org.testng.remote.RemoteTestNG.initAndRun(RemoteTestNG.java:251)
at org.testng.remote.RemoteTestNG.main(RemoteTestNG.java:77)
]]>
            </full-stacktrace>
          </exception> <!-- org.openqa.selenium.SessionNotCreatedException -->
          <reporter-output>
          </reporter-output>
        </test-method> <!-- GoToNews -->
        <test-method status="SKIP" signature="tearDown()[pri:0, instance:com.mp.qa.TestCases.ActionAlertsTest@7a765367]" name="tearDown" is-config="true" duration-ms="-1593686812482" started-at="2020-07-02T16:16:52 IST" finished-at="1970-01-01T05:30:00 IST">
          <reporter-output>
          </reporter-output>
        </test-method> <!-- tearDown -->
      </class> <!-- com.mp.qa.TestCases.ActionAlertsTest -->
    </test> <!-- Test -->
  </suite> <!-- Suite -->
</testng-results>
